#
# There is insufficient memory for the Java Runtime Environment to continue.
# Native memory allocation (malloc) failed to allocate 392816 bytes for Chunk::new
# Possible reasons:
#   The system is out of physical RAM or swap space
#   The process is running with CompressedOops enabled, and the Java Heap may be blocking the growth of the native heap
# Possible solutions:
#   Reduce memory load on the system
#   Increase physical memory or swap space
#   Check if swap backing store is full
#   Decrease Java heap size (-Xmx/-Xms)
#   Decrease number of Java threads
#   Decrease Java thread stack sizes (-Xss)
#   Set larger code cache with -XX:ReservedCodeCacheSize=
#   JVM is running with Unscaled Compressed Oops mode in which the Java heap is
#     placed in the first 4GB address space. The Java Heap base address is the
#     maximum limit for the native heap growth. Please use -XX:HeapBaseMinAddress
#     to set the Java Heap base and to place the Java Heap above 4GB virtual address.
# This output file may be truncated or incomplete.
#
#  Out of Memory Error (arena.cpp:189), pid=15832, tid=6164
#
# JRE version: OpenJDK Runtime Environment (17.0.6) (build 17.0.6+0-b2043.56-10027231)
# Java VM: OpenJDK 64-Bit Server VM (17.0.6+0-b2043.56-10027231, mixed mode, tiered, compressed oops, compressed class ptrs, g1 gc, windows-amd64)
# No core dump will be written. Minidumps are not enabled by default on client versions of Windows
#

---------------  S U M M A R Y ------------

Command Line: --add-opens=java.base/java.util=ALL-UNNAMED --add-opens=java.base/java.lang=ALL-UNNAMED --add-opens=java.base/java.lang.invoke=ALL-UNNAMED --add-opens=java.prefs/java.util.prefs=ALL-UNNAMED --add-opens=java.base/java.nio.charset=ALL-UNNAMED --add-opens=java.base/java.net=ALL-UNNAMED --add-opens=java.base/java.util.concurrent.atomic=ALL-UNNAMED -Xmx2048m -Dfile.encoding=UTF-8 -Duser.country=US -Duser.language=en -Duser.variant org.gradle.launcher.daemon.bootstrap.GradleDaemon 8.0

Host: Intel(R) Core(TM) i9-10900 CPU @ 2.80GHz, 20 cores, 15G,  Windows 11 , 64 bit Build 22621 (10.0.22621.2506)
Time: Sat Dec  2 00:14:43 2023 Pakistan Standard Time elapsed time: 922.346990 seconds (0d 0h 15m 22s)

---------------  T H R E A D  ---------------

Current thread (0x0000028674ff08b0):  JavaThread "C2 CompilerThread4" daemon [_thread_in_native, id=6164, stack(0x000000d818100000,0x000000d818200000)]


Current CompileTask:
C2: 922347 19359       4       org.gradle.api.internal.artifacts.DefaultImmutableModuleIdentifierFactory::module (74 bytes)

Stack: [0x000000d818100000,0x000000d818200000]
Native frames: (J=compiled Java code, j=interpreted, Vv=VM code, C=native code)
V  [jvm.dll+0x683c9a]
V  [jvm.dll+0x8427a4]
V  [jvm.dll+0x843f9e]
V  [jvm.dll+0x844603]
V  [jvm.dll+0x249b75]
V  [jvm.dll+0xabcac]
V  [jvm.dll+0xac27c]
V  [jvm.dll+0x2b0eef]
V  [jvm.dll+0x58a267]
V  [jvm.dll+0x2243b2]
V  [jvm.dll+0x22478f]
V  [jvm.dll+0x21e055]
V  [jvm.dll+0x21b51b]
V  [jvm.dll+0x1a4fdd]
V  [jvm.dll+0x22b098]
V  [jvm.dll+0x229159]
V  [jvm.dll+0x7f81ec]
V  [jvm.dll+0x7f274a]
V  [jvm.dll+0x682ad5]
C  [ucrtbase.dll+0x29363]
C  [KERNEL32.DLL+0x1257d]
C  [ntdll.dll+0x5aa58]


---------------  P R O C E S S  ---------------

Threads class SMR info:
_java_thread_list=0x000002866982e5f0, length=65, elements={
0x0000028646e9e650, 0x000002866305e640, 0x000002866305f4b0, 0x00000286630b94e0,
0x00000286630bb200, 0x00000286630bbdb0, 0x00000286630be870, 0x00000286630c2b00,
0x00000286630cb9b0, 0x00000286630cc3a0, 0x000002866328a350, 0x000002866328ec50,
0x00000286664100a0, 0x0000028665b2e8d0, 0x0000028664bce930, 0x000002866555e830,
0x000002866555cb50, 0x000002866555f1d0, 0x000002866555f6a0, 0x000002866555d4f0,
0x000002866573ff40, 0x0000028665740410, 0x000002866573ca50, 0x0000028665739f00,
0x0000028665740db0, 0x0000028665741280, 0x0000028665739a30, 0x000002866573a3d0,
0x0000028669c836a0, 0x0000028669c81020, 0x0000028669c7ee70, 0x0000028669c7be50,
0x0000028669c801b0, 0x0000028669c819c0, 0x0000028669c82360, 0x0000028669c7f340,
0x0000028669c7c320, 0x0000028669c814f0, 0x0000028669c7c7f0, 0x0000028669c7f810,
0x0000028669c7fce0, 0x00000286655154b0, 0x0000028665518e70, 0x0000028665512e30,
0x0000028665517660, 0x00000286698431f0, 0x0000028669c7e9a0, 0x0000028673b08ad0,
0x000002866555fb70, 0x000002866555d020, 0x000002866555d9c0, 0x000002866555de90,
0x000002866555e360, 0x000002866555ed00, 0x000002866a216770, 0x000002866a215430,
0x000002866a210c00, 0x000002866a214a90, 0x000002866a216c40, 0x000002866a214f60,
0x000002866a213750, 0x0000028674ff3130, 0x0000028674fefe90, 0x0000028674ff2c20,
0x0000028674ff08b0
}

Java Threads: ( => current thread )
  0x0000028646e9e650 JavaThread "main" [_thread_blocked, id=2456, stack(0x000000d814800000,0x000000d814900000)]
  0x000002866305e640 JavaThread "Reference Handler" daemon [_thread_blocked, id=21832, stack(0x000000d814f00000,0x000000d815000000)]
  0x000002866305f4b0 JavaThread "Finalizer" daemon [_thread_blocked, id=10624, stack(0x000000d815000000,0x000000d815100000)]
  0x00000286630b94e0 JavaThread "Signal Dispatcher" daemon [_thread_blocked, id=23012, stack(0x000000d815100000,0x000000d815200000)]
  0x00000286630bb200 JavaThread "Attach Listener" daemon [_thread_blocked, id=18316, stack(0x000000d815200000,0x000000d815300000)]
  0x00000286630bbdb0 JavaThread "Service Thread" daemon [_thread_blocked, id=19784, stack(0x000000d815300000,0x000000d815400000)]
  0x00000286630be870 JavaThread "Monitor Deflation Thread" daemon [_thread_blocked, id=25112, stack(0x000000d815400000,0x000000d815500000)]
  0x00000286630c2b00 JavaThread "C2 CompilerThread0" daemon [_thread_in_native, id=19896, stack(0x000000d815500000,0x000000d815600000)]
  0x00000286630cb9b0 JavaThread "C1 CompilerThread0" daemon [_thread_blocked, id=16944, stack(0x000000d815600000,0x000000d815700000)]
  0x00000286630cc3a0 JavaThread "Sweeper thread" daemon [_thread_blocked, id=25044, stack(0x000000d815700000,0x000000d815800000)]
  0x000002866328a350 JavaThread "Common-Cleaner" daemon [_thread_blocked, id=17560, stack(0x000000d815a00000,0x000000d815b00000)]
  0x000002866328ec50 JavaThread "Notification Thread" daemon [_thread_blocked, id=8944, stack(0x000000d815b00000,0x000000d815c00000)]
  0x00000286664100a0 JavaThread "Daemon health stats" [_thread_blocked, id=18832, stack(0x000000d816600000,0x000000d816700000)]
  0x0000028665b2e8d0 JavaThread "Incoming local TCP Connector on port 62969" [_thread_in_native, id=15024, stack(0x000000d816700000,0x000000d816800000)]
  0x0000028664bce930 JavaThread "Daemon periodic checks" [_thread_blocked, id=3104, stack(0x000000d816800000,0x000000d816900000)]
  0x000002866555e830 JavaThread "Cache worker for journal cache (C:\Users\arshadsharif\.gradle\caches\journal-1)" [_thread_blocked, id=10448, stack(0x000000d817c00000,0x000000d817d00000)]
  0x000002866555cb50 JavaThread "File lock request listener" [_thread_in_native, id=14244, stack(0x000000d817d00000,0x000000d817e00000)]
  0x000002866555f1d0 JavaThread "Cache worker for file hash cache (C:\Users\arshadsharif\.gradle\caches\8.0\fileHashes)" [_thread_blocked, id=14180, stack(0x000000d817e00000,0x000000d817f00000)]
  0x000002866555f6a0 JavaThread "File watcher server" daemon [_thread_in_native, id=22884, stack(0x000000d817f00000,0x000000d818000000)]
  0x000002866555d4f0 JavaThread "File watcher consumer" daemon [_thread_blocked, id=17232, stack(0x000000d818000000,0x000000d818100000)]
  0x000002866573ff40 JavaThread "Cache worker for file content cache (C:\Users\arshadsharif\.gradle\caches\8.0\fileContent)" [_thread_blocked, id=2656, stack(0x000000d818300000,0x000000d818400000)]
  0x0000028665740410 JavaThread "Cache worker for execution history cache (C:\Users\arshadsharif\.gradle\caches\8.0\executionHistory)" [_thread_blocked, id=8700, stack(0x000000d818600000,0x000000d818700000)]
  0x000002866573ca50 JavaThread "jar transforms" [_thread_blocked, id=25188, stack(0x000000d818700000,0x000000d818800000)]
  0x0000028665739f00 JavaThread "jar transforms Thread 2" [_thread_blocked, id=22776, stack(0x000000d818800000,0x000000d818900000)]
  0x0000028665740db0 JavaThread "Cache worker for kotlin-dsl (C:\Users\arshadsharif\.gradle\caches\8.0\kotlin-dsl)" [_thread_blocked, id=2040, stack(0x000000d818a00000,0x000000d818b00000)]
  0x0000028665741280 JavaThread "jar transforms Thread 3" [_thread_blocked, id=23288, stack(0x000000d818b00000,0x000000d818c00000)]
  0x0000028665739a30 JavaThread "jar transforms Thread 4" [_thread_blocked, id=12500, stack(0x000000d818c00000,0x000000d818d00000)]
  0x000002866573a3d0 JavaThread "jar transforms Thread 5" [_thread_blocked, id=17268, stack(0x000000d818f00000,0x000000d819000000)]
  0x0000028669c836a0 JavaThread "jar transforms Thread 6" [_thread_blocked, id=20916, stack(0x000000d822400000,0x000000d822500000)]
  0x0000028669c81020 JavaThread "jar transforms Thread 7" [_thread_blocked, id=22928, stack(0x000000d822500000,0x000000d822600000)]
  0x0000028669c7ee70 JavaThread "jar transforms Thread 8" [_thread_blocked, id=19296, stack(0x000000d822600000,0x000000d822700000)]
  0x0000028669c7be50 JavaThread "jar transforms Thread 9" [_thread_blocked, id=252, stack(0x000000d822700000,0x000000d822800000)]
  0x0000028669c801b0 JavaThread "jar transforms Thread 10" [_thread_blocked, id=7784, stack(0x000000d822800000,0x000000d822900000)]
  0x0000028669c819c0 JavaThread "jar transforms Thread 11" [_thread_blocked, id=9652, stack(0x000000d822900000,0x000000d822a00000)]
  0x0000028669c82360 JavaThread "jar transforms Thread 12" [_thread_blocked, id=16800, stack(0x000000d822a00000,0x000000d822b00000)]
  0x0000028669c7f340 JavaThread "jar transforms Thread 13" [_thread_blocked, id=10068, stack(0x000000d822b00000,0x000000d822c00000)]
  0x0000028669c7c320 JavaThread "jar transforms Thread 14" [_thread_blocked, id=6024, stack(0x000000d822c00000,0x000000d822d00000)]
  0x0000028669c814f0 JavaThread "jar transforms Thread 15" [_thread_blocked, id=10808, stack(0x000000d822d00000,0x000000d822e00000)]
  0x0000028669c7c7f0 JavaThread "jar transforms Thread 16" [_thread_blocked, id=10788, stack(0x000000d822e00000,0x000000d822f00000)]
  0x0000028669c7f810 JavaThread "jar transforms Thread 17" [_thread_blocked, id=1612, stack(0x000000d822f00000,0x000000d823000000)]
  0x0000028669c7fce0 JavaThread "jar transforms Thread 18" [_thread_blocked, id=22172, stack(0x000000d823000000,0x000000d823100000)]
  0x00000286655154b0 JavaThread "jar transforms Thread 19" [_thread_blocked, id=24252, stack(0x000000d823100000,0x000000d823200000)]
  0x0000028665518e70 JavaThread "jar transforms Thread 20" [_thread_blocked, id=23360, stack(0x000000d823200000,0x000000d823300000)]
  0x0000028665512e30 JavaThread "Memory manager" [_thread_blocked, id=13252, stack(0x000000d823500000,0x000000d823600000)]
  0x0000028665517660 JavaThread "pool-3-thread-1" [_thread_blocked, id=22056, stack(0x000000d823a00000,0x000000d823b00000)]
  0x00000286698431f0 JavaThread "pool-7-thread-1" [_thread_blocked, id=23720, stack(0x000000d823e00000,0x000000d823f00000)]
  0x0000028669c7e9a0 JavaThread "pool-10-thread-1" [_thread_blocked, id=13904, stack(0x000000d823400000,0x000000d823500000)]
  0x0000028673b08ad0 JavaThread "pool-13-thread-1" [_thread_blocked, id=1916, stack(0x000000d822200000,0x000000d822300000)]
  0x000002866555fb70 JavaThread "Daemon Thread 3" [_thread_blocked, id=2716, stack(0x000000d814500000,0x000000d814600000)]
  0x000002866555d020 JavaThread "Handler for socket connection from /127.0.0.1:62969 to /127.0.0.1:63155" [_thread_in_native, id=18216, stack(0x000000d814600000,0x000000d814700000)]
  0x000002866555d9c0 JavaThread "Cancel handler" [_thread_blocked, id=16540, stack(0x000000d814700000,0x000000d814800000)]
  0x000002866555de90 JavaThread "Daemon worker Thread 3" [_thread_in_native, id=13076, stack(0x000000d815800000,0x000000d815900000)]
  0x000002866555e360 JavaThread "Asynchronous log dispatcher for DefaultDaemonConnection: socket connection from /127.0.0.1:62969 to /127.0.0.1:63155" [_thread_blocked, id=17484, stack(0x000000d815900000,0x000000d815a00000)]
  0x000002866555ed00 JavaThread "Stdin handler" [_thread_blocked, id=18640, stack(0x000000d815d00000,0x000000d815e00000)]
  0x000002866a216770 JavaThread "Daemon client event forwarder" [_thread_blocked, id=3148, stack(0x000000d815e00000,0x000000d815f00000)]
  0x000002866a215430 JavaThread "Cache worker for checksums cache (C:\Users\arshadsharif\AndroidStudioProjects\MyApplication7\.gradle\8.0\checksums)" [_thread_blocked, id=13268, stack(0x000000d816400000,0x000000d816500000)]
  0x000002866a210c00 Thread [stack: 0x000000d816500000,0x000000d816600000] [id=7992]
  0x000002866a214a90 JavaThread "Cache worker for file hash cache (C:\Users\arshadsharif\AndroidStudioProjects\MyApplication7\.gradle\8.0\fileHashes)" [_thread_blocked, id=8052, stack(0x000000d816900000,0x000000d816a00000)]
  0x000002866a216c40 Thread [stack: 0x000000d816a00000,0x000000d816b00000] [id=9764]
  0x000002866a214f60 JavaThread "Cache worker for dependencies-accessors (C:\Users\arshadsharif\AndroidStudioProjects\MyApplication7\.gradle\8.0\dependencies-accessors)" [_thread_blocked, id=25332, stack(0x000000d816b00000,0x000000d816c00000)]
  0x000002866a213750 Thread [stack: 0x000000d816c00000,0x000000d816d00000] [id=13496]
  0x0000028674ff3130 JavaThread "C2 CompilerThread1" daemon [_thread_in_native, id=4088, stack(0x000000d816d00000,0x000000d816e00000)]
  0x0000028674fefe90 JavaThread "C2 CompilerThread2" daemon [_thread_in_native, id=20112, stack(0x000000d816e00000,0x000000d816f00000)]
  0x0000028674ff2c20 JavaThread "C2 CompilerThread3" daemon [_thread_in_native, id=25304, stack(0x000000d816f00000,0x000000d817000000)]
=>0x0000028674ff08b0 JavaThread "C2 CompilerThread4" daemon [_thread_in_native, id=6164, stack(0x000000d818100000,0x000000d818200000)]

Other Threads:
  0x0000028663059a10 VMThread "VM Thread" [stack: 0x000000d814e00000,0x000000d814f00000] [id=4968]
  0x0000028663288020 WatcherThread [stack: 0x000000d815c00000,0x000000d815d00000] [id=16548]
  0x0000028646efac90 GCTaskThread "GC Thread#0" [stack: 0x000000d814900000,0x000000d814a00000] [id=11340]
  0x0000028663a75a40 GCTaskThread "GC Thread#1" [stack: 0x000000d815f00000,0x000000d816000000] [id=3936]
  0x0000028664308550 GCTaskThread "GC Thread#2" [stack: 0x000000d816000000,0x000000d816100000] [id=23240]
  0x0000028664308800 GCTaskThread "GC Thread#3" [stack: 0x000000d816100000,0x000000d816200000] [id=4908]
  0x0000028664224e80 GCTaskThread "GC Thread#4" [stack: 0x000000d816200000,0x000000d816300000] [id=11800]
  0x0000028664225910 GCTaskThread "GC Thread#5" [stack: 0x000000d816300000,0x000000d816400000] [id=25296]
  0x0000028665563730 GCTaskThread "GC Thread#6" [stack: 0x000000d817000000,0x000000d817100000] [id=24736]
  0x00000286660fb200 GCTaskThread "GC Thread#7" [stack: 0x000000d817100000,0x000000d817200000] [id=21612]
  0x000002866455d0b0 GCTaskThread "GC Thread#8" [stack: 0x000000d817200000,0x000000d817300000] [id=8216]
  0x0000028665d6db60 GCTaskThread "GC Thread#9" [stack: 0x000000d817300000,0x000000d817400000] [id=468]
  0x0000028665d6de10 GCTaskThread "GC Thread#10" [stack: 0x000000d817400000,0x000000d817500000] [id=4592]
  0x0000028665d8e110 GCTaskThread "GC Thread#11" [stack: 0x000000d817500000,0x000000d817600000] [id=11980]
  0x0000028665d8e670 GCTaskThread "GC Thread#12" [stack: 0x000000d817600000,0x000000d817700000] [id=20620]
  0x0000028665d8f130 GCTaskThread "GC Thread#13" [stack: 0x000000d817700000,0x000000d817800000] [id=13516]
  0x0000028665d8f3e0 GCTaskThread "GC Thread#14" [stack: 0x000000d817800000,0x000000d817900000] [id=21104]
  0x0000028646f0bbd0 ConcurrentGCThread "G1 Main Marker" [stack: 0x000000d814a00000,0x000000d814b00000] [id=7900]
  0x0000028646f0c5e0 ConcurrentGCThread "G1 Conc#0" [stack: 0x000000d814b00000,0x000000d814c00000] [id=23856]
  0x0000028665d8e3c0 ConcurrentGCThread "G1 Conc#1" [stack: 0x000000d817900000,0x000000d817a00000] [id=9680]
  0x0000028665d8f690 ConcurrentGCThread "G1 Conc#2" [stack: 0x000000d817a00000,0x000000d817b00000] [id=2264]
  0x0000028665d8de60 ConcurrentGCThread "G1 Conc#3" [stack: 0x000000d817b00000,0x000000d817c00000] [id=20920]
  0x0000028646f5dfa0 ConcurrentGCThread "G1 Refine#0" [stack: 0x000000d814c00000,0x000000d814d00000] [id=18108]
  0x0000028646f5e9c0 ConcurrentGCThread "G1 Service" [stack: 0x000000d814d00000,0x000000d814e00000] [id=18736]

Threads with active compile tasks:
C2 CompilerThread0   922374 19367       4       org.gradle.internal.io.StreamByteBuffer$StreamByteBufferInputStream::read (8 bytes)
C1 CompilerThread0   922374 19381       3       java.util.concurrent.ConcurrentHashMap$BaseIterator::remove (37 bytes)
C2 CompilerThread1   922375 19371       4       org.gradle.api.internal.artifacts.ivyservice.resolveengine.result.ComponentIdentifierSerializer::write (435 bytes)
C2 CompilerThread2   922375 19360       4       org.gradle.internal.component.external.model.AbstractVariantBackedConfigurationMetadata::<init> (282 bytes)
C2 CompilerThread3   922375 19361       4       org.gradle.api.internal.artifacts.ivyservice.resolveengine.graph.builder.NodeState::createAndLinkEdgeState (64 bytes)
C2 CompilerThread4   922375 19359       4       org.gradle.api.internal.artifacts.DefaultImmutableModuleIdentifierFactory::module (74 bytes)

VM state: not at safepoint (normal execution)

VM Mutex/Monitor currently owned by a thread:  ([mutex/lock_event])
[0x0000028646e98c80] SystemDictionary_lock - owner thread: 0x000002866555de90

OutOfMemory and StackOverflow Exception counts:
OutOfMemoryError java_heap_errors=1
LinkageErrors=189

Heap address: 0x0000000080000000, size: 2048 MB, Compressed Oops mode: 32-bit

CDS archive(s) not mapped
Compressed class space mapped at: 0x0000000100000000-0x0000000140000000, reserved size: 1073741824
Narrow klass base: 0x0000000000000000, Narrow klass shift: 3, Narrow klass range: 0x140000000

GC Precious Log:
 CPUs: 20 total, 20 available
 Memory: 16081M
 Large Page Support: Disabled
 NUMA Support: Disabled
 Compressed Oops: Enabled (32-bit)
 Heap Region Size: 1M
 Heap Min Capacity: 8M
 Heap Initial Capacity: 252M
 Heap Max Capacity: 2G
 Pre-touch: Disabled
 Parallel Workers: 15
 Concurrent Workers: 4
 Concurrent Refinement Workers: 15
 Periodic GC: Disabled

Heap:
 garbage-first heap   total 240640K, used 173426K [0x0000000080000000, 0x0000000100000000)
  region size 1024K, 48 young (49152K), 2 survivors (2048K)
 Metaspace       used 122528K, committed 123456K, reserved 1163264K
  class space    used 16108K, committed 16576K, reserved 1048576K

Heap Regions: E=young(eden), S=young(survivor), O=old, HS=humongous(starts), HC=humongous(continues), CS=collection set, F=free, OA=open archive, CA=closed archive, TAMS=top-at-mark-start (previous, next)
|   0|0x0000000080000000, 0x0000000080100000, 0x0000000080100000|100%|HS|  |TAMS 0x0000000080100000, 0x0000000080000000| Complete 
|   1|0x0000000080100000, 0x0000000080200000, 0x0000000080200000|100%|HC|  |TAMS 0x0000000080200000, 0x0000000080100000| Complete 
|   2|0x0000000080200000, 0x0000000080300000, 0x0000000080300000|100%|HC|  |TAMS 0x0000000080300000, 0x0000000080200000| Complete 
|   3|0x0000000080300000, 0x0000000080400000, 0x0000000080400000|100%|HC|  |TAMS 0x0000000080400000, 0x0000000080300000| Complete 
|   4|0x0000000080400000, 0x0000000080500000, 0x0000000080500000|100%| O|  |TAMS 0x0000000080500000, 0x0000000080400000| Untracked 
|   5|0x0000000080500000, 0x0000000080600000, 0x0000000080600000|100%| O|  |TAMS 0x0000000080600000, 0x0000000080500000| Untracked 
|   6|0x0000000080600000, 0x0000000080700000, 0x0000000080700000|100%| O|  |TAMS 0x0000000080700000, 0x0000000080600000| Untracked 
|   7|0x0000000080700000, 0x0000000080800000, 0x0000000080800000|100%| O|  |TAMS 0x0000000080800000, 0x0000000080700000| Untracked 
|   8|0x0000000080800000, 0x0000000080900000, 0x0000000080900000|100%| O|  |TAMS 0x0000000080900000, 0x0000000080800000| Untracked 
|   9|0x0000000080900000, 0x0000000080a00000, 0x0000000080a00000|100%| O|  |TAMS 0x0000000080a00000, 0x0000000080900000| Untracked 
|  10|0x0000000080a00000, 0x0000000080b00000, 0x0000000080b00000|100%| O|  |TAMS 0x0000000080b00000, 0x0000000080a00000| Untracked 
|  11|0x0000000080b00000, 0x0000000080c00000, 0x0000000080c00000|100%| O|  |TAMS 0x0000000080c00000, 0x0000000080b00000| Untracked 
|  12|0x0000000080c00000, 0x0000000080d00000, 0x0000000080d00000|100%| O|  |TAMS 0x0000000080d00000, 0x0000000080c00000| Untracked 
|  13|0x0000000080d00000, 0x0000000080e00000, 0x0000000080e00000|100%| O|  |TAMS 0x0000000080e00000, 0x0000000080d00000| Untracked 
|  14|0x0000000080e00000, 0x0000000080f00000, 0x0000000080f00000|100%| O|  |TAMS 0x0000000080f00000, 0x0000000080e00000| Untracked 
|  15|0x0000000080f00000, 0x0000000081000000, 0x0000000081000000|100%| O|  |TAMS 0x0000000081000000, 0x0000000080f00000| Untracked 
|  16|0x0000000081000000, 0x0000000081100000, 0x0000000081100000|100%| O|  |TAMS 0x0000000081100000, 0x0000000081000000| Untracked 
|  17|0x0000000081100000, 0x0000000081200000, 0x0000000081200000|100%| O|  |TAMS 0x0000000081200000, 0x0000000081100000| Untracked 
|  18|0x0000000081200000, 0x0000000081300000, 0x0000000081300000|100%| O|  |TAMS 0x0000000081300000, 0x0000000081200000| Untracked 
|  19|0x0000000081300000, 0x0000000081400000, 0x0000000081400000|100%| O|  |TAMS 0x0000000081400000, 0x0000000081300000| Untracked 
|  20|0x0000000081400000, 0x0000000081500000, 0x0000000081500000|100%| O|  |TAMS 0x0000000081500000, 0x0000000081400000| Untracked 
|  21|0x0000000081500000, 0x0000000081600000, 0x0000000081600000|100%| O|  |TAMS 0x0000000081600000, 0x0000000081500000| Untracked 
|  22|0x0000000081600000, 0x0000000081700000, 0x0000000081700000|100%| O|  |TAMS 0x0000000081700000, 0x0000000081600000| Untracked 
|  23|0x0000000081700000, 0x0000000081800000, 0x0000000081800000|100%| O|  |TAMS 0x0000000081800000, 0x0000000081700000| Untracked 
|  24|0x0000000081800000, 0x0000000081900000, 0x0000000081900000|100%| O|  |TAMS 0x0000000081900000, 0x0000000081800000| Untracked 
|  25|0x0000000081900000, 0x0000000081a00000, 0x0000000081a00000|100%| O|  |TAMS 0x0000000081a00000, 0x0000000081900000| Untracked 
|  26|0x0000000081a00000, 0x0000000081b00000, 0x0000000081b00000|100%| O|  |TAMS 0x0000000081b00000, 0x0000000081a00000| Untracked 
|  27|0x0000000081b00000, 0x0000000081c00000, 0x0000000081c00000|100%| O|  |TAMS 0x0000000081c00000, 0x0000000081b00000| Untracked 
|  28|0x0000000081c00000, 0x0000000081d00000, 0x0000000081d00000|100%| O|  |TAMS 0x0000000081d00000, 0x0000000081c00000| Untracked 
|  29|0x0000000081d00000, 0x0000000081e00000, 0x0000000081e00000|100%| O|  |TAMS 0x0000000081e00000, 0x0000000081d00000| Untracked 
|  30|0x0000000081e00000, 0x0000000081f00000, 0x0000000081f00000|100%| O|  |TAMS 0x0000000081f00000, 0x0000000081e00000| Untracked 
|  31|0x0000000081f00000, 0x0000000082000000, 0x0000000082000000|100%| O|  |TAMS 0x0000000082000000, 0x0000000081f00000| Untracked 
|  32|0x0000000082000000, 0x0000000082100000, 0x0000000082100000|100%|HS|  |TAMS 0x0000000082100000, 0x0000000082000000| Complete 
|  33|0x0000000082100000, 0x0000000082200000, 0x0000000082200000|100%|HS|  |TAMS 0x0000000082200000, 0x0000000082100000| Complete 
|  34|0x0000000082200000, 0x0000000082300000, 0x0000000082300000|100%|HS|  |TAMS 0x0000000082300000, 0x0000000082200000| Complete 
|  35|0x0000000082300000, 0x0000000082400000, 0x0000000082400000|100%|HC|  |TAMS 0x0000000082400000, 0x0000000082300000| Complete 
|  36|0x0000000082400000, 0x0000000082500000, 0x0000000082500000|100%|HS|  |TAMS 0x0000000082500000, 0x0000000082400000| Complete 
|  37|0x0000000082500000, 0x0000000082600000, 0x0000000082600000|100%|HS|  |TAMS 0x0000000082600000, 0x0000000082500000| Complete 
|  38|0x0000000082600000, 0x0000000082700000, 0x0000000082700000|100%|HC|  |TAMS 0x0000000082700000, 0x0000000082600000| Complete 
|  39|0x0000000082700000, 0x0000000082800000, 0x0000000082800000|100%|HC|  |TAMS 0x0000000082800000, 0x0000000082700000| Complete 
|  40|0x0000000082800000, 0x0000000082900000, 0x0000000082900000|100%|HC|  |TAMS 0x0000000082900000, 0x0000000082800000| Complete 
|  41|0x0000000082900000, 0x0000000082a00000, 0x0000000082a00000|100%| O|  |TAMS 0x0000000082a00000, 0x0000000082900000| Untracked 
|  42|0x0000000082a00000, 0x0000000082b00000, 0x0000000082b00000|100%| O|  |TAMS 0x0000000082b00000, 0x0000000082a00000| Untracked 
|  43|0x0000000082b00000, 0x0000000082c00000, 0x0000000082c00000|100%| O|  |TAMS 0x0000000082c00000, 0x0000000082b00000| Untracked 
|  44|0x0000000082c00000, 0x0000000082d00000, 0x0000000082d00000|100%| O|  |TAMS 0x0000000082c00000, 0x0000000082c00000| Untracked 
|  45|0x0000000082d00000, 0x0000000082e00000, 0x0000000082e00000|100%| O|  |TAMS 0x0000000082e00000, 0x0000000082d00000| Untracked 
|  46|0x0000000082e00000, 0x0000000082f00000, 0x0000000082f00000|100%| O|  |TAMS 0x0000000082f00000, 0x0000000082e00000| Untracked 
|  47|0x0000000082f00000, 0x0000000083000000, 0x0000000083000000|100%| O|  |TAMS 0x0000000083000000, 0x0000000082f00000| Untracked 
|  48|0x0000000083000000, 0x0000000083100000, 0x0000000083100000|100%| O|  |TAMS 0x0000000083100000, 0x0000000083000000| Untracked 
|  49|0x0000000083100000, 0x0000000083200000, 0x0000000083200000|100%| O|  |TAMS 0x0000000083200000, 0x0000000083100000| Untracked 
|  50|0x0000000083200000, 0x0000000083300000, 0x0000000083300000|100%| O|  |TAMS 0x0000000083300000, 0x0000000083200000| Untracked 
|  51|0x0000000083300000, 0x0000000083400000, 0x0000000083400000|100%| O|  |TAMS 0x0000000083400000, 0x0000000083300000| Untracked 
|  52|0x0000000083400000, 0x0000000083500000, 0x0000000083500000|100%| O|  |TAMS 0x0000000083500000, 0x0000000083400000| Untracked 
|  53|0x0000000083500000, 0x0000000083600000, 0x0000000083600000|100%| O|  |TAMS 0x0000000083600000, 0x0000000083500000| Untracked 
|  54|0x0000000083600000, 0x0000000083700000, 0x0000000083700000|100%| O|  |TAMS 0x0000000083700000, 0x0000000083600000| Untracked 
|  55|0x0000000083700000, 0x0000000083800000, 0x0000000083800000|100%| O|  |TAMS 0x0000000083800000, 0x0000000083700000| Untracked 
|  56|0x0000000083800000, 0x0000000083900000, 0x0000000083900000|100%| O|  |TAMS 0x0000000083900000, 0x0000000083800000| Untracked 
|  57|0x0000000083900000, 0x0000000083a00000, 0x0000000083a00000|100%| O|  |TAMS 0x0000000083a00000, 0x0000000083900000| Untracked 
|  58|0x0000000083a00000, 0x0000000083b00000, 0x0000000083b00000|100%| O|  |TAMS 0x0000000083b00000, 0x0000000083a00000| Untracked 
|  59|0x0000000083b00000, 0x0000000083c00000, 0x0000000083c00000|100%| O|  |TAMS 0x0000000083c00000, 0x0000000083b00000| Untracked 
|  60|0x0000000083c00000, 0x0000000083d00000, 0x0000000083d00000|100%| O|  |TAMS 0x0000000083d00000, 0x0000000083c00000| Untracked 
|  61|0x0000000083d00000, 0x0000000083e00000, 0x0000000083e00000|100%| O|  |TAMS 0x0000000083e00000, 0x0000000083d00000| Untracked 
|  62|0x0000000083e00000, 0x0000000083f00000, 0x0000000083f00000|100%| O|  |TAMS 0x0000000083f00000, 0x0000000083e00000| Untracked 
|  63|0x0000000083f00000, 0x0000000084000000, 0x0000000084000000|100%| O|  |TAMS 0x0000000084000000, 0x0000000083f00000| Untracked 
|  64|0x0000000084000000, 0x0000000084100000, 0x0000000084100000|100%| O|  |TAMS 0x0000000084100000, 0x0000000084000000| Untracked 
|  65|0x0000000084100000, 0x0000000084200000, 0x0000000084200000|100%| O|  |TAMS 0x0000000084200000, 0x0000000084100000| Untracked 
|  66|0x0000000084200000, 0x0000000084300000, 0x0000000084300000|100%| O|  |TAMS 0x0000000084300000, 0x0000000084200000| Untracked 
|  67|0x0000000084300000, 0x0000000084400000, 0x0000000084400000|100%| O|  |TAMS 0x0000000084400000, 0x0000000084300000| Untracked 
|  68|0x0000000084400000, 0x0000000084500000, 0x0000000084500000|100%| O|  |TAMS 0x0000000084500000, 0x0000000084400000| Untracked 
|  69|0x0000000084500000, 0x0000000084600000, 0x0000000084600000|100%| O|  |TAMS 0x0000000084600000, 0x0000000084500000| Untracked 
|  70|0x0000000084600000, 0x0000000084700000, 0x0000000084700000|100%| O|  |TAMS 0x0000000084700000, 0x0000000084600000| Untracked 
|  71|0x0000000084700000, 0x0000000084800000, 0x0000000084800000|100%| O|  |TAMS 0x0000000084800000, 0x0000000084700000| Untracked 
|  72|0x0000000084800000, 0x0000000084900000, 0x0000000084900000|100%| O|  |TAMS 0x0000000084900000, 0x0000000084800000| Untracked 
|  73|0x0000000084900000, 0x0000000084a00000, 0x0000000084a00000|100%| O|  |TAMS 0x0000000084a00000, 0x0000000084900000| Untracked 
|  74|0x0000000084a00000, 0x0000000084b00000, 0x0000000084b00000|100%| O|  |TAMS 0x0000000084b00000, 0x0000000084a00000| Untracked 
|  75|0x0000000084b00000, 0x0000000084b00000, 0x0000000084c00000|  0%| F|  |TAMS 0x0000000084b00000, 0x0000000084b00000| Untracked 
|  76|0x0000000084c00000, 0x0000000084d00000, 0x0000000084d00000|100%| O|  |TAMS 0x0000000084c00000, 0x0000000084c00000| Untracked 
|  77|0x0000000084d00000, 0x0000000084e00000, 0x0000000084e00000|100%| O|  |TAMS 0x0000000084e00000, 0x0000000084d00000| Untracked 
|  78|0x0000000084e00000, 0x0000000084f00000, 0x0000000084f00000|100%| O|  |TAMS 0x0000000084f00000, 0x0000000084e00000| Untracked 
|  79|0x0000000084f00000, 0x0000000085000000, 0x0000000085000000|100%| O|  |TAMS 0x0000000085000000, 0x0000000084f00000| Untracked 
|  80|0x0000000085000000, 0x0000000085100000, 0x0000000085100000|100%| O|  |TAMS 0x0000000085100000, 0x0000000085000000| Untracked 
|  81|0x0000000085100000, 0x0000000085200000, 0x0000000085200000|100%| O|  |TAMS 0x0000000085200000, 0x0000000085100000| Untracked 
|  82|0x0000000085200000, 0x0000000085300000, 0x0000000085300000|100%| O|  |TAMS 0x0000000085300000, 0x0000000085200000| Untracked 
|  83|0x0000000085300000, 0x0000000085400000, 0x0000000085400000|100%| O|  |TAMS 0x0000000085400000, 0x0000000085300000| Untracked 
|  84|0x0000000085400000, 0x0000000085500000, 0x0000000085500000|100%| O|  |TAMS 0x0000000085500000, 0x0000000085400000| Untracked 
|  85|0x0000000085500000, 0x0000000085600000, 0x0000000085600000|100%| O|  |TAMS 0x0000000085600000, 0x0000000085500000| Untracked 
|  86|0x0000000085600000, 0x0000000085700000, 0x0000000085700000|100%| O|  |TAMS 0x0000000085700000, 0x0000000085600000| Untracked 
|  87|0x0000000085700000, 0x0000000085800000, 0x0000000085800000|100%| O|  |TAMS 0x0000000085800000, 0x0000000085700000| Untracked 
|  88|0x0000000085800000, 0x0000000085900000, 0x0000000085900000|100%| O|  |TAMS 0x0000000085900000, 0x0000000085800000| Untracked 
|  89|0x0000000085900000, 0x0000000085a00000, 0x0000000085a00000|100%| O|  |TAMS 0x0000000085900000, 0x0000000085900000| Untracked 
|  90|0x0000000085a00000, 0x0000000085b00000, 0x0000000085b00000|100%| O|  |TAMS 0x0000000085b00000, 0x0000000085a00000| Untracked 
|  91|0x0000000085b00000, 0x0000000085c00000, 0x0000000085c00000|100%| O|  |TAMS 0x0000000085c00000, 0x0000000085b00000| Untracked 
|  92|0x0000000085c00000, 0x0000000085c00000, 0x0000000085d00000|  0%| F|  |TAMS 0x0000000085c00000, 0x0000000085c00000| Untracked 
|  93|0x0000000085d00000, 0x0000000085e00000, 0x0000000085e00000|100%| O|  |TAMS 0x0000000085e00000, 0x0000000085d00000| Untracked 
|  94|0x0000000085e00000, 0x0000000085f00000, 0x0000000085f00000|100%| O|  |TAMS 0x0000000085f00000, 0x0000000085e00000| Untracked 
|  95|0x0000000085f00000, 0x0000000086000000, 0x0000000086000000|100%| O|  |TAMS 0x0000000086000000, 0x0000000085f00000| Untracked 
|  96|0x0000000086000000, 0x0000000086100000, 0x0000000086100000|100%| O|  |TAMS 0x0000000086100000, 0x0000000086000000| Untracked 
|  97|0x0000000086100000, 0x0000000086200000, 0x0000000086200000|100%| O|  |TAMS 0x0000000086200000, 0x0000000086100000| Untracked 
|  98|0x0000000086200000, 0x0000000086300000, 0x0000000086300000|100%| O|  |TAMS 0x0000000086300000, 0x0000000086200000| Untracked 
|  99|0x0000000086300000, 0x0000000086400000, 0x0000000086400000|100%| O|  |TAMS 0x0000000086400000, 0x0000000086300000| Untracked 
| 100|0x0000000086400000, 0x0000000086500000, 0x0000000086500000|100%| O|  |TAMS 0x0000000086500000, 0x0000000086400000| Untracked 
| 101|0x0000000086500000, 0x0000000086500000, 0x0000000086600000|  0%| F|  |TAMS 0x0000000086500000, 0x0000000086500000| Untracked 
| 102|0x0000000086600000, 0x0000000086600000, 0x0000000086700000|  0%| F|  |TAMS 0x0000000086600000, 0x0000000086600000| Untracked 
| 103|0x0000000086700000, 0x0000000086800000, 0x0000000086800000|100%| O|  |TAMS 0x0000000086800000, 0x0000000086700000| Untracked 
| 104|0x0000000086800000, 0x0000000086800000, 0x0000000086900000|  0%| F|  |TAMS 0x0000000086800000, 0x0000000086800000| Untracked 
| 105|0x0000000086900000, 0x0000000086900000, 0x0000000086a00000|  0%| F|  |TAMS 0x0000000086900000, 0x0000000086900000| Untracked 
| 106|0x0000000086a00000, 0x0000000086a00000, 0x0000000086b00000|  0%| F|  |TAMS 0x0000000086a00000, 0x0000000086a00000| Untracked 
| 107|0x0000000086b00000, 0x0000000086b00000, 0x0000000086c00000|  0%| F|  |TAMS 0x0000000086b00000, 0x0000000086b00000| Untracked 
| 108|0x0000000086c00000, 0x0000000086c00000, 0x0000000086d00000|  0%| F|  |TAMS 0x0000000086c00000, 0x0000000086c00000| Untracked 
| 109|0x0000000086d00000, 0x0000000086d00000, 0x0000000086e00000|  0%| F|  |TAMS 0x0000000086d00000, 0x0000000086d00000| Untracked 
| 110|0x0000000086e00000, 0x0000000086e00000, 0x0000000086f00000|  0%| F|  |TAMS 0x0000000086e00000, 0x0000000086e00000| Untracked 
| 111|0x0000000086f00000, 0x0000000086f00000, 0x0000000087000000|  0%| F|  |TAMS 0x0000000086f00000, 0x0000000086f00000| Untracked 
| 112|0x0000000087000000, 0x0000000087100000, 0x0000000087100000|100%| O|  |TAMS 0x0000000087100000, 0x0000000087000000| Untracked 
| 113|0x0000000087100000, 0x0000000087200000, 0x0000000087200000|100%| O|  |TAMS 0x0000000087200000, 0x0000000087100000| Untracked 
| 114|0x0000000087200000, 0x0000000087300000, 0x0000000087300000|100%| O|  |TAMS 0x0000000087300000, 0x0000000087200000| Untracked 
| 115|0x0000000087300000, 0x0000000087300000, 0x0000000087400000|  0%| F|  |TAMS 0x0000000087300000, 0x0000000087300000| Untracked 
| 116|0x0000000087400000, 0x0000000087500000, 0x0000000087500000|100%| O|  |TAMS 0x0000000087400000, 0x0000000087400000| Untracked 
| 117|0x0000000087500000, 0x0000000087500000, 0x0000000087600000|  0%| F|  |TAMS 0x0000000087500000, 0x0000000087500000| Untracked 
| 118|0x0000000087600000, 0x0000000087700000, 0x0000000087700000|100%| O|  |TAMS 0x0000000087700000, 0x0000000087600000| Untracked 
| 119|0x0000000087700000, 0x0000000087800000, 0x0000000087800000|100%| O|  |TAMS 0x0000000087800000, 0x0000000087700000| Untracked 
| 120|0x0000000087800000, 0x0000000087900000, 0x0000000087900000|100%| O|  |TAMS 0x0000000087900000, 0x0000000087800000| Untracked 
| 121|0x0000000087900000, 0x0000000087a00000, 0x0000000087a00000|100%| O|  |TAMS 0x0000000087a00000, 0x0000000087900000| Untracked 
| 122|0x0000000087a00000, 0x0000000087b00000, 0x0000000087b00000|100%| O|  |TAMS 0x0000000087b00000, 0x0000000087a00000| Untracked 
| 123|0x0000000087b00000, 0x0000000087c00000, 0x0000000087c00000|100%| O|  |TAMS 0x0000000087b7fe00, 0x0000000087b00000| Untracked 
| 124|0x0000000087c00000, 0x0000000087d00000, 0x0000000087d00000|100%| O|  |TAMS 0x0000000087c00000, 0x0000000087c00000| Untracked 
| 125|0x0000000087d00000, 0x0000000087e00000, 0x0000000087e00000|100%| O|  |TAMS 0x0000000087d00000, 0x0000000087d00000| Untracked 
| 126|0x0000000087e00000, 0x0000000087f00000, 0x0000000087f00000|100%| O|  |TAMS 0x0000000087e00000, 0x0000000087e00000| Untracked 
| 127|0x0000000087f00000, 0x0000000088000000, 0x0000000088000000|100%| O|  |TAMS 0x0000000087f00000, 0x0000000087f00000| Untracked 
| 128|0x0000000088000000, 0x0000000088100000, 0x0000000088100000|100%| O|  |TAMS 0x0000000088000000, 0x0000000088000000| Untracked 
| 129|0x0000000088100000, 0x0000000088200000, 0x0000000088200000|100%| O|  |TAMS 0x0000000088100000, 0x0000000088100000| Untracked 
| 130|0x0000000088200000, 0x0000000088300000, 0x0000000088300000|100%| O|  |TAMS 0x0000000088200000, 0x0000000088200000| Untracked 
| 131|0x0000000088300000, 0x0000000088400000, 0x0000000088400000|100%| O|  |TAMS 0x0000000088300000, 0x0000000088300000| Untracked 
| 132|0x0000000088400000, 0x0000000088500000, 0x0000000088500000|100%| O|  |TAMS 0x0000000088400000, 0x0000000088400000| Untracked 
| 133|0x0000000088500000, 0x0000000088600000, 0x0000000088600000|100%| O|  |TAMS 0x0000000088500000, 0x0000000088500000| Untracked 
| 134|0x0000000088600000, 0x0000000088700000, 0x0000000088700000|100%| O|  |TAMS 0x0000000088600000, 0x0000000088600000| Untracked 
| 135|0x0000000088700000, 0x0000000088800000, 0x0000000088800000|100%| O|  |TAMS 0x0000000088700000, 0x0000000088700000| Untracked 
| 136|0x0000000088800000, 0x0000000088900000, 0x0000000088900000|100%| O|  |TAMS 0x0000000088800000, 0x0000000088800000| Untracked 
| 137|0x0000000088900000, 0x0000000088a00000, 0x0000000088a00000|100%| O|  |TAMS 0x0000000088900000, 0x0000000088900000| Untracked 
| 138|0x0000000088a00000, 0x0000000088a2f000, 0x0000000088b00000| 18%| O|  |TAMS 0x0000000088a00000, 0x0000000088a00000| Untracked 
| 139|0x0000000088b00000, 0x0000000088b00000, 0x0000000088c00000|  0%| F|  |TAMS 0x0000000088b00000, 0x0000000088b00000| Untracked 
| 140|0x0000000088c00000, 0x0000000088c00000, 0x0000000088d00000|  0%| F|  |TAMS 0x0000000088c00000, 0x0000000088c00000| Untracked 
| 141|0x0000000088d00000, 0x0000000088d00000, 0x0000000088e00000|  0%| F|  |TAMS 0x0000000088d00000, 0x0000000088d00000| Untracked 
| 142|0x0000000088e00000, 0x0000000088e00000, 0x0000000088f00000|  0%| F|  |TAMS 0x0000000088e00000, 0x0000000088e00000| Untracked 
| 143|0x0000000088f00000, 0x0000000088f00000, 0x0000000089000000|  0%| F|  |TAMS 0x0000000088f00000, 0x0000000088f00000| Untracked 
| 144|0x0000000089000000, 0x0000000089000000, 0x0000000089100000|  0%| F|  |TAMS 0x0000000089000000, 0x0000000089000000| Untracked 
| 145|0x0000000089100000, 0x0000000089100000, 0x0000000089200000|  0%| F|  |TAMS 0x0000000089100000, 0x0000000089100000| Untracked 
| 146|0x0000000089200000, 0x0000000089200000, 0x0000000089300000|  0%| F|  |TAMS 0x0000000089200000, 0x0000000089200000| Untracked 
| 147|0x0000000089300000, 0x0000000089300000, 0x0000000089400000|  0%| F|  |TAMS 0x0000000089300000, 0x0000000089300000| Untracked 
| 148|0x0000000089400000, 0x0000000089400000, 0x0000000089500000|  0%| F|  |TAMS 0x0000000089400000, 0x0000000089400000| Untracked 
| 149|0x0000000089500000, 0x0000000089500000, 0x0000000089600000|  0%| F|  |TAMS 0x0000000089500000, 0x0000000089500000| Untracked 
| 150|0x0000000089600000, 0x0000000089600000, 0x0000000089700000|  0%| F|  |TAMS 0x0000000089600000, 0x0000000089600000| Untracked 
| 151|0x0000000089700000, 0x0000000089700000, 0x0000000089800000|  0%| F|  |TAMS 0x0000000089700000, 0x0000000089700000| Untracked 
| 152|0x0000000089800000, 0x0000000089800000, 0x0000000089900000|  0%| F|  |TAMS 0x0000000089800000, 0x0000000089800000| Untracked 
| 153|0x0000000089900000, 0x0000000089900000, 0x0000000089a00000|  0%| F|  |TAMS 0x0000000089900000, 0x0000000089900000| Untracked 
| 154|0x0000000089a00000, 0x0000000089a00000, 0x0000000089b00000|  0%| F|  |TAMS 0x0000000089a00000, 0x0000000089a00000| Untracked 
| 155|0x0000000089b00000, 0x0000000089b00000, 0x0000000089c00000|  0%| F|  |TAMS 0x0000000089b00000, 0x0000000089b00000| Untracked 
| 156|0x0000000089c00000, 0x0000000089c00000, 0x0000000089d00000|  0%| F|  |TAMS 0x0000000089c00000, 0x0000000089c00000| Untracked 
| 157|0x0000000089d00000, 0x0000000089d00000, 0x0000000089e00000|  0%| F|  |TAMS 0x0000000089d00000, 0x0000000089d00000| Untracked 
| 158|0x0000000089e00000, 0x0000000089e00000, 0x0000000089f00000|  0%| F|  |TAMS 0x0000000089e00000, 0x0000000089e00000| Untracked 
| 159|0x0000000089f00000, 0x0000000089f00000, 0x000000008a000000|  0%| F|  |TAMS 0x0000000089f00000, 0x0000000089f00000| Untracked 
| 160|0x000000008a000000, 0x000000008a000000, 0x000000008a100000|  0%| F|  |TAMS 0x000000008a000000, 0x000000008a000000| Untracked 
| 161|0x000000008a100000, 0x000000008a100000, 0x000000008a200000|  0%| F|  |TAMS 0x000000008a100000, 0x000000008a100000| Untracked 
| 162|0x000000008a200000, 0x000000008a200000, 0x000000008a300000|  0%| F|  |TAMS 0x000000008a200000, 0x000000008a200000| Untracked 
| 163|0x000000008a300000, 0x000000008a300000, 0x000000008a400000|  0%| F|  |TAMS 0x000000008a300000, 0x000000008a300000| Untracked 
| 164|0x000000008a400000, 0x000000008a400000, 0x000000008a500000|  0%| F|  |TAMS 0x000000008a400000, 0x000000008a400000| Untracked 
| 165|0x000000008a500000, 0x000000008a500000, 0x000000008a600000|  0%| F|  |TAMS 0x000000008a500000, 0x000000008a500000| Untracked 
| 166|0x000000008a600000, 0x000000008a600000, 0x000000008a700000|  0%| F|  |TAMS 0x000000008a600000, 0x000000008a600000| Untracked 
| 167|0x000000008a700000, 0x000000008a700000, 0x000000008a800000|  0%| F|  |TAMS 0x000000008a700000, 0x000000008a700000| Untracked 
| 168|0x000000008a800000, 0x000000008a800000, 0x000000008a900000|  0%| F|  |TAMS 0x000000008a800000, 0x000000008a800000| Untracked 
| 169|0x000000008a900000, 0x000000008a900000, 0x000000008aa00000|  0%| F|  |TAMS 0x000000008a900000, 0x000000008a900000| Untracked 
| 170|0x000000008aa00000, 0x000000008aa00000, 0x000000008ab00000|  0%| F|  |TAMS 0x000000008aa00000, 0x000000008aa00000| Untracked 
| 171|0x000000008ab00000, 0x000000008ab00000, 0x000000008ac00000|  0%| F|  |TAMS 0x000000008ab00000, 0x000000008ab00000| Untracked 
| 172|0x000000008ac00000, 0x000000008ac00000, 0x000000008ad00000|  0%| F|  |TAMS 0x000000008ac00000, 0x000000008ac00000| Untracked 
| 173|0x000000008ad00000, 0x000000008ad00000, 0x000000008ae00000|  0%| F|  |TAMS 0x000000008ad00000, 0x000000008ad00000| Untracked 
| 174|0x000000008ae00000, 0x000000008ae00000, 0x000000008af00000|  0%| F|  |TAMS 0x000000008ae00000, 0x000000008ae00000| Untracked 
| 175|0x000000008af00000, 0x000000008af00000, 0x000000008b000000|  0%| F|  |TAMS 0x000000008af00000, 0x000000008af00000| Untracked 
| 176|0x000000008b000000, 0x000000008b000000, 0x000000008b100000|  0%| F|  |TAMS 0x000000008b000000, 0x000000008b000000| Untracked 
| 177|0x000000008b100000, 0x000000008b100000, 0x000000008b200000|  0%| F|  |TAMS 0x000000008b100000, 0x000000008b100000| Untracked 
| 178|0x000000008b200000, 0x000000008b200000, 0x000000008b300000|  0%| F|  |TAMS 0x000000008b200000, 0x000000008b200000| Untracked 
| 179|0x000000008b300000, 0x000000008b300000, 0x000000008b400000|  0%| F|  |TAMS 0x000000008b300000, 0x000000008b300000| Untracked 
| 180|0x000000008b400000, 0x000000008b400000, 0x000000008b500000|  0%| F|  |TAMS 0x000000008b400000, 0x000000008b400000| Untracked 
| 181|0x000000008b500000, 0x000000008b500000, 0x000000008b600000|  0%| F|  |TAMS 0x000000008b500000, 0x000000008b500000| Untracked 
| 182|0x000000008b600000, 0x000000008b600000, 0x000000008b700000|  0%| F|  |TAMS 0x000000008b600000, 0x000000008b600000| Untracked 
| 183|0x000000008b700000, 0x000000008b700000, 0x000000008b800000|  0%| F|  |TAMS 0x000000008b700000, 0x000000008b700000| Untracked 
| 184|0x000000008b800000, 0x000000008b800000, 0x000000008b900000|  0%| F|  |TAMS 0x000000008b800000, 0x000000008b800000| Untracked 
| 185|0x000000008b900000, 0x000000008b900000, 0x000000008ba00000|  0%| F|  |TAMS 0x000000008b900000, 0x000000008b900000| Untracked 
| 186|0x000000008ba00000, 0x000000008ba00000, 0x000000008bb00000|  0%| F|  |TAMS 0x000000008ba00000, 0x000000008ba00000| Untracked 
| 187|0x000000008bb00000, 0x000000008bb43440, 0x000000008bc00000| 26%| E|  |TAMS 0x000000008bb00000, 0x000000008bb00000| Complete 
| 188|0x000000008bc00000, 0x000000008bd00000, 0x000000008bd00000|100%| E|CS|TAMS 0x000000008bc00000, 0x000000008bc00000| Complete 
| 189|0x000000008bd00000, 0x000000008be00000, 0x000000008be00000|100%| E|CS|TAMS 0x000000008bd00000, 0x000000008bd00000| Complete 
| 190|0x000000008be00000, 0x000000008bf00000, 0x000000008bf00000|100%| E|CS|TAMS 0x000000008be00000, 0x000000008be00000| Complete 
| 191|0x000000008bf00000, 0x000000008c000000, 0x000000008c000000|100%| E|CS|TAMS 0x000000008bf00000, 0x000000008bf00000| Complete 
| 192|0x000000008c000000, 0x000000008c100000, 0x000000008c100000|100%| E|CS|TAMS 0x000000008c000000, 0x000000008c000000| Complete 
| 193|0x000000008c100000, 0x000000008c200000, 0x000000008c200000|100%| E|CS|TAMS 0x000000008c100000, 0x000000008c100000| Complete 
| 194|0x000000008c200000, 0x000000008c300000, 0x000000008c300000|100%| E|CS|TAMS 0x000000008c200000, 0x000000008c200000| Complete 
| 195|0x000000008c300000, 0x000000008c400000, 0x000000008c400000|100%| E|CS|TAMS 0x000000008c300000, 0x000000008c300000| Complete 
| 196|0x000000008c400000, 0x000000008c500000, 0x000000008c500000|100%| E|  |TAMS 0x000000008c400000, 0x000000008c400000| Complete 
| 197|0x000000008c500000, 0x000000008c600000, 0x000000008c600000|100%| E|CS|TAMS 0x000000008c500000, 0x000000008c500000| Complete 
| 198|0x000000008c600000, 0x000000008c700000, 0x000000008c700000|100%| E|CS|TAMS 0x000000008c600000, 0x000000008c600000| Complete 
| 199|0x000000008c700000, 0x000000008c800000, 0x000000008c800000|100%| E|CS|TAMS 0x000000008c700000, 0x000000008c700000| Complete 
| 200|0x000000008c800000, 0x000000008c900000, 0x000000008c900000|100%| E|CS|TAMS 0x000000008c800000, 0x000000008c800000| Complete 
| 201|0x000000008c900000, 0x000000008ca00000, 0x000000008ca00000|100%| E|CS|TAMS 0x000000008c900000, 0x000000008c900000| Complete 
| 202|0x000000008ca00000, 0x000000008cb00000, 0x000000008cb00000|100%| E|CS|TAMS 0x000000008ca00000, 0x000000008ca00000| Complete 
| 203|0x000000008cb00000, 0x000000008cc00000, 0x000000008cc00000|100%| E|CS|TAMS 0x000000008cb00000, 0x000000008cb00000| Complete 
| 204|0x000000008cc00000, 0x000000008cd00000, 0x000000008cd00000|100%| E|CS|TAMS 0x000000008cc00000, 0x000000008cc00000| Complete 
| 205|0x000000008cd00000, 0x000000008ce00000, 0x000000008ce00000|100%| E|CS|TAMS 0x000000008cd00000, 0x000000008cd00000| Complete 
| 206|0x000000008ce00000, 0x000000008cf00000, 0x000000008cf00000|100%| E|CS|TAMS 0x000000008ce00000, 0x000000008ce00000| Complete 
| 207|0x000000008cf00000, 0x000000008d000000, 0x000000008d000000|100%| E|CS|TAMS 0x000000008cf00000, 0x000000008cf00000| Complete 
| 208|0x000000008d000000, 0x000000008d100000, 0x000000008d100000|100%| E|CS|TAMS 0x000000008d000000, 0x000000008d000000| Complete 
| 209|0x000000008d100000, 0x000000008d200000, 0x000000008d200000|100%| E|CS|TAMS 0x000000008d100000, 0x000000008d100000| Complete 
| 210|0x000000008d200000, 0x000000008d300000, 0x000000008d300000|100%| E|CS|TAMS 0x000000008d200000, 0x000000008d200000| Complete 
| 211|0x000000008d300000, 0x000000008d400000, 0x000000008d400000|100%| E|CS|TAMS 0x000000008d300000, 0x000000008d300000| Complete 
| 212|0x000000008d400000, 0x000000008d500000, 0x000000008d500000|100%| E|CS|TAMS 0x000000008d400000, 0x000000008d400000| Complete 
| 213|0x000000008d500000, 0x000000008d600000, 0x000000008d600000|100%| E|CS|TAMS 0x000000008d500000, 0x000000008d500000| Complete 
| 214|0x000000008d600000, 0x000000008d700000, 0x000000008d700000|100%| E|CS|TAMS 0x000000008d600000, 0x000000008d600000| Complete 
| 215|0x000000008d700000, 0x000000008d800000, 0x000000008d800000|100%| E|CS|TAMS 0x000000008d700000, 0x000000008d700000| Complete 
| 216|0x000000008d800000, 0x000000008d900000, 0x000000008d900000|100%| E|CS|TAMS 0x000000008d800000, 0x000000008d800000| Complete 
| 217|0x000000008d900000, 0x000000008da00000, 0x000000008da00000|100%| E|CS|TAMS 0x000000008d900000, 0x000000008d900000| Complete 
| 218|0x000000008da00000, 0x000000008db00000, 0x000000008db00000|100%| E|CS|TAMS 0x000000008da00000, 0x000000008da00000| Complete 
| 219|0x000000008db00000, 0x000000008dc00000, 0x000000008dc00000|100%| E|CS|TAMS 0x000000008db00000, 0x000000008db00000| Complete 
| 220|0x000000008dc00000, 0x000000008dd00000, 0x000000008dd00000|100%| E|CS|TAMS 0x000000008dc00000, 0x000000008dc00000| Complete 
| 221|0x000000008dd00000, 0x000000008de00000, 0x000000008de00000|100%| E|CS|TAMS 0x000000008dd00000, 0x000000008dd00000| Complete 
| 222|0x000000008de00000, 0x000000008df00000, 0x000000008df00000|100%| E|CS|TAMS 0x000000008de00000, 0x000000008de00000| Complete 
| 223|0x000000008df00000, 0x000000008e000000, 0x000000008e000000|100%| E|CS|TAMS 0x000000008df00000, 0x000000008df00000| Complete 
| 224|0x000000008e000000, 0x000000008e100000, 0x000000008e100000|100%| E|CS|TAMS 0x000000008e000000, 0x000000008e000000| Complete 
| 225|0x000000008e100000, 0x000000008e200000, 0x000000008e200000|100%| E|CS|TAMS 0x000000008e100000, 0x000000008e100000| Complete 
| 226|0x000000008e200000, 0x000000008e300000, 0x000000008e300000|100%| E|CS|TAMS 0x000000008e200000, 0x000000008e200000| Complete 
| 227|0x000000008e300000, 0x000000008e400000, 0x000000008e400000|100%| E|CS|TAMS 0x000000008e300000, 0x000000008e300000| Complete 
| 228|0x000000008e400000, 0x000000008e500000, 0x000000008e500000|100%| E|CS|TAMS 0x000000008e400000, 0x000000008e400000| Complete 
| 229|0x000000008e500000, 0x000000008e600000, 0x000000008e600000|100%| E|CS|TAMS 0x000000008e500000, 0x000000008e500000| Complete 
| 230|0x000000008e600000, 0x000000008e62d8b0, 0x000000008e700000| 17%| S|CS|TAMS 0x000000008e600000, 0x000000008e600000| Complete 
| 231|0x000000008e700000, 0x000000008e800000, 0x000000008e800000|100%| S|CS|TAMS 0x000000008e700000, 0x000000008e700000| Complete 
| 232|0x000000008e800000, 0x000000008e900000, 0x000000008e900000|100%| E|CS|TAMS 0x000000008e800000, 0x000000008e800000| Complete 
| 233|0x000000008e900000, 0x000000008ea00000, 0x000000008ea00000|100%| E|CS|TAMS 0x000000008e900000, 0x000000008e900000| Complete 
| 251|0x000000008fb00000, 0x000000008fc00000, 0x000000008fc00000|100%| E|CS|TAMS 0x000000008fb00000, 0x000000008fb00000| Complete 

Card table byte_map: [0x000002865a9d0000,0x000002865add0000] _byte_map_base: 0x000002865a5d0000

Marking Bits (Prev, Next): (CMBitMap*) 0x0000028646efb2a0, (CMBitMap*) 0x0000028646efb2e0
 Prev Bits: [0x000002865b1d0000, 0x000002865d1d0000)
 Next Bits: [0x000002865d1d0000, 0x000002865f1d0000)

Polling page: 0x00000286455a0000

Metaspace:

Usage:
  Non-class:    103.93 MB used.
      Class:     15.73 MB used.
       Both:    119.66 MB used.

Virtual space:
  Non-class space:      112.00 MB reserved,     104.38 MB ( 93%) committed,  14 nodes.
      Class space:        1.00 GB reserved,      16.19 MB (  2%) committed,  1 nodes.
             Both:        1.11 GB reserved,     120.56 MB ( 11%) committed. 

Chunk freelists:
   Non-Class:  2.92 MB
       Class:  3.80 MB
        Both:  6.73 MB

MaxMetaspaceSize: unlimited
CompressedClassSpaceSize: 1.00 GB
Initial GC threshold: 21.00 MB
Current GC threshold: 193.88 MB
CDS: off
MetaspaceReclaimPolicy: balanced
 - commit_granule_bytes: 65536.
 - commit_granule_words: 8192.
 - virtual_space_node_default_size: 1048576.
 - enlarge_chunks_in_place: 1.
 - new_chunks_are_fully_committed: 0.
 - uncommit_free_chunks: 1.
 - use_allocation_guard: 0.
 - handle_deallocations: 1.


Internal statistics:

num_allocs_failed_limit: 9.
num_arena_births: 1624.
num_arena_deaths: 32.
num_vsnodes_births: 15.
num_vsnodes_deaths: 0.
num_space_committed: 1927.
num_space_uncommitted: 0.
num_chunks_returned_to_freelist: 54.
num_chunks_taken_from_freelist: 6377.
num_chunk_merges: 29.
num_chunk_splits: 4069.
num_chunks_enlarged: 2526.
num_purges: 2.
num_inconsistent_stats: 0.

CodeHeap 'non-profiled nmethods': size=119168Kb used=11307Kb max_used=11431Kb free=107860Kb
 bounds [0x0000028651f90000, 0x0000028652ad0000, 0x00000286593f0000]
CodeHeap 'profiled nmethods': size=119104Kb used=32381Kb max_used=33604Kb free=86722Kb
 bounds [0x000002864a3f0000, 0x000002864c4d0000, 0x0000028651840000]
CodeHeap 'non-nmethods': size=7488Kb used=2479Kb max_used=4306Kb free=5008Kb
 bounds [0x0000028651840000, 0x0000028651c90000, 0x0000028651f90000]
 total_blobs=17289 nmethods=16262 adapters=937
 compilation: enabled
              stopped_count=0, restarted_count=0
 full_count=0

Compilation events (20 events):
Event: 922.315 Thread 0x00000286630cb9b0 19354       3       org.gradle.api.internal.project.DefaultProjectStateRegistry$CalculatedModelValueImpl::assertCanMutate (43 bytes)
Event: 922.315 Thread 0x00000286630cb9b0 nmethod 19354 0x000002864b126810 code [0x000002864b126a80, 0x000002864b127378]
Event: 922.315 Thread 0x00000286630cb9b0 19355       3       org.gradle.api.internal.artifacts.DefaultDependencyManagementServices$DependencyResolutionScopeServices$$Lambda$567/0x0000000100637258::apply (12 bytes)
Event: 922.315 Thread 0x00000286630cb9b0 nmethod 19355 0x000002864aad2610 code [0x000002864aad27e0, 0x000002864aad2c18]
Event: 922.315 Thread 0x00000286630cb9b0 19357       3       org.gradle.internal.Actions::composite (47 bytes)
Event: 922.315 Thread 0x00000286630cb9b0 nmethod 19357 0x000002864b1d9c10 code [0x000002864b1d9e20, 0x000002864b1da458]
Event: 922.315 Thread 0x00000286630cb9b0 19356       1       org.gradle.api.internal.artifacts.repositories.AuthenticationSupporter::getAuthentication (5 bytes)
Event: 922.316 Thread 0x00000286630cb9b0 nmethod 19356 0x0000028652269710 code [0x00000286522698a0, 0x0000028652269978]
Event: 922.316 Thread 0x00000286630cb9b0 19358       1       org.gradle.api.internal.artifacts.ivyservice.ivyresolve.strategy.DefaultVersionComparator::asVersionComparator (5 bytes)
Event: 922.316 Thread 0x00000286630cb9b0 nmethod 19358 0x0000028652269410 code [0x00000286522695a0, 0x0000028652269678]
Event: 922.334 Thread 0x00000286630c2b00 nmethod 19336 0x0000028652094310 code [0x00000286520945a0, 0x0000028652096eb0]
Event: 922.334 Thread 0x00000286630c2b00 19363   !   4       org.gradle.cache.internal.LockOnDemandCrossProcessCacheAccess::incrementLockCount (193 bytes)
Event: 922.334 Thread 0x0000028674ff2c20 19349       4       java.util.ArrayDeque::toArray (99 bytes)
Event: 922.335 Thread 0x0000028674ff3130 19365       4       org.gradle.internal.io.StreamByteBuffer$StreamByteBufferInputStream::readImpl (150 bytes)
Event: 922.335 Thread 0x0000028674fefe90 19360       4       org.gradle.internal.component.external.model.AbstractVariantBackedConfigurationMetadata::<init> (282 bytes)
Event: 922.335 Thread 0x0000028674ff08b0 19359       4       org.gradle.api.internal.artifacts.DefaultImmutableModuleIdentifierFactory::module (74 bytes)
Event: 922.338 Thread 0x0000028674ff2c20 nmethod 19349 0x0000028652259d10 code [0x0000028652259ea0, 0x000002865225a598]
Event: 922.338 Thread 0x0000028674ff2c20 19361       4       org.gradle.api.internal.artifacts.ivyservice.resolveengine.graph.builder.NodeState::createAndLinkEdgeState (64 bytes)
Event: 922.344 Thread 0x0000028674ff3130 nmethod 19365 0x0000028652416790 code [0x0000028652416960, 0x00000286524172d8]
Event: 922.344 Thread 0x0000028674ff3130 19362       4       org.gradle.api.internal.artifacts.ivyservice.resolveengine.graph.builder.NodeState$$Lambda$657/0x00000001006ed078::apply (16 bytes)

GC Heap History (20 events):
Event: 9.289 GC heap before
{Heap before GC invocations=37 (full 0):
 garbage-first heap   total 188416K, used 135545K [0x0000000080000000, 0x0000000100000000)
  region size 1024K, 39 young (39936K), 7 survivors (7168K)
 Metaspace       used 107461K, committed 108160K, reserved 1146880K
  class space    used 14447K, committed 14784K, reserved 1048576K
}
Event: 9.293 GC heap after
{Heap after GC invocations=38 (full 0):
 garbage-first heap   total 226304K, used 108323K [0x0000000080000000, 0x0000000100000000)
  region size 1024K, 7 young (7168K), 7 survivors (7168K)
 Metaspace       used 107461K, committed 108160K, reserved 1146880K
  class space    used 14447K, committed 14784K, reserved 1048576K
}
Event: 9.300 GC heap before
{Heap before GC invocations=38 (full 0):
 garbage-first heap   total 226304K, used 123683K [0x0000000080000000, 0x0000000100000000)
  region size 1024K, 8 young (8192K), 7 survivors (7168K)
 Metaspace       used 107541K, committed 108224K, reserved 1146880K
  class space    used 14457K, committed 14784K, reserved 1048576K
}
Event: 9.303 GC heap after
{Heap after GC invocations=39 (full 0):
 garbage-first heap   total 226304K, used 124067K [0x0000000080000000, 0x0000000100000000)
  region size 1024K, 4 young (4096K), 4 survivors (4096K)
 Metaspace       used 107541K, committed 108224K, reserved 1146880K
  class space    used 14457K, committed 14784K, reserved 1048576K
}
Event: 28.445 GC heap before
{Heap before GC invocations=40 (full 0):
 garbage-first heap   total 240640K, used 214179K [0x0000000080000000, 0x0000000100000000)
  region size 1024K, 64 young (65536K), 4 survivors (4096K)
 Metaspace       used 112882K, committed 113536K, reserved 1155072K
  class space    used 15014K, committed 15360K, reserved 1048576K
}
Event: 28.448 GC heap after
{Heap after GC invocations=41 (full 0):
 garbage-first heap   total 240640K, used 109237K [0x0000000080000000, 0x0000000100000000)
  region size 1024K, 7 young (7168K), 7 survivors (7168K)
 Metaspace       used 112882K, committed 113536K, reserved 1155072K
  class space    used 15014K, committed 15360K, reserved 1048576K
}
Event: 28.463 GC heap before
{Heap before GC invocations=41 (full 0):
 garbage-first heap   total 240640K, used 112309K [0x0000000080000000, 0x0000000100000000)
  region size 1024K, 11 young (11264K), 7 survivors (7168K)
 Metaspace       used 112913K, committed 113600K, reserved 1155072K
  class space    used 15016K, committed 15360K, reserved 1048576K
}
Event: 28.466 GC heap after
{Heap after GC invocations=42 (full 0):
 garbage-first heap   total 240640K, used 109315K [0x0000000080000000, 0x0000000100000000)
  region size 1024K, 2 young (2048K), 2 survivors (2048K)
 Metaspace       used 112913K, committed 113600K, reserved 1155072K
  class space    used 15016K, committed 15360K, reserved 1048576K
}
Event: 30.392 GC heap before
{Heap before GC invocations=42 (full 0):
 garbage-first heap   total 240640K, used 195331K [0x0000000080000000, 0x0000000100000000)
  region size 1024K, 87 young (89088K), 2 survivors (2048K)
 Metaspace       used 117041K, committed 117824K, reserved 1155072K
  class space    used 15518K, committed 15936K, reserved 1048576K
}
Event: 30.396 GC heap after
{Heap after GC invocations=43 (full 0):
 garbage-first heap   total 240640K, used 118922K [0x0000000080000000, 0x0000000100000000)
  region size 1024K, 11 young (11264K), 11 survivors (11264K)
 Metaspace       used 117041K, committed 117824K, reserved 1155072K
  class space    used 15518K, committed 15936K, reserved 1048576K
}
Event: 790.131 GC heap before
{Heap before GC invocations=44 (full 0):
 garbage-first heap   total 240640K, used 192650K [0x0000000080000000, 0x0000000100000000)
  region size 1024K, 84 young (86016K), 11 survivors (11264K)
 Metaspace       used 117752K, committed 118592K, reserved 1155072K
  class space    used 15578K, committed 16000K, reserved 1048576K
}
Event: 790.138 GC heap after
{Heap after GC invocations=45 (full 0):
 garbage-first heap   total 240640K, used 124718K [0x0000000080000000, 0x0000000100000000)
  region size 1024K, 7 young (7168K), 7 survivors (7168K)
 Metaspace       used 117752K, committed 118592K, reserved 1155072K
  class space    used 15578K, committed 16000K, reserved 1048576K
}
Event: 790.167 GC heap before
{Heap before GC invocations=45 (full 0):
 garbage-first heap   total 240640K, used 128814K [0x0000000080000000, 0x0000000100000000)
  region size 1024K, 11 young (11264K), 7 survivors (7168K)
 Metaspace       used 117797K, committed 118656K, reserved 1155072K
  class space    used 15579K, committed 16000K, reserved 1048576K
}
Event: 790.170 GC heap after
{Heap after GC invocations=46 (full 0):
 garbage-first heap   total 240640K, used 124150K [0x0000000080000000, 0x0000000100000000)
  region size 1024K, 2 young (2048K), 2 survivors (2048K)
 Metaspace       used 117797K, committed 118656K, reserved 1155072K
  class space    used 15579K, committed 16000K, reserved 1048576K
}
Event: 798.186 GC heap before
{Heap before GC invocations=46 (full 0):
 garbage-first heap   total 240640K, used 194806K [0x0000000080000000, 0x0000000100000000)
  region size 1024K, 72 young (73728K), 2 survivors (2048K)
 Metaspace       used 118178K, committed 119040K, reserved 1155072K
  class space    used 15607K, committed 16064K, reserved 1048576K
}
Event: 798.189 GC heap after
{Heap after GC invocations=47 (full 0):
 garbage-first heap   total 240640K, used 129207K [0x0000000080000000, 0x0000000100000000)
  region size 1024K, 7 young (7168K), 7 survivors (7168K)
 Metaspace       used 118178K, committed 119040K, reserved 1155072K
  class space    used 15607K, committed 16064K, reserved 1048576K
}
Event: 799.219 GC heap before
{Heap before GC invocations=48 (full 0):
 garbage-first heap   total 240640K, used 196791K [0x0000000080000000, 0x0000000100000000)
  region size 1024K, 74 young (75776K), 7 survivors (7168K)
 Metaspace       used 122163K, committed 123008K, reserved 1163264K
  class space    used 16089K, committed 16512K, reserved 1048576K
}
Event: 799.224 GC heap after
{Heap after GC invocations=49 (full 0):
 garbage-first heap   total 240640K, used 136308K [0x0000000080000000, 0x0000000100000000)
  region size 1024K, 8 young (8192K), 8 survivors (8192K)
 Metaspace       used 122163K, committed 123008K, reserved 1163264K
  class space    used 16089K, committed 16512K, reserved 1048576K
}
Event: 799.247 GC heap before
{Heap before GC invocations=49 (full 0):
 garbage-first heap   total 240640K, used 139380K [0x0000000080000000, 0x0000000100000000)
  region size 1024K, 11 young (11264K), 8 survivors (8192K)
 Metaspace       used 122319K, committed 123200K, reserved 1163264K
  class space    used 16096K, committed 16512K, reserved 1048576K
}
Event: 799.252 GC heap after
{Heap after GC invocations=50 (full 0):
 garbage-first heap   total 240640K, used 128370K [0x0000000080000000, 0x0000000100000000)
  region size 1024K, 2 young (2048K), 2 survivors (2048K)
 Metaspace       used 122319K, committed 123200K, reserved 1163264K
  class space    used 16096K, committed 16512K, reserved 1048576K
}

Dll operation events (2 events):
Event: 0.009 Loaded shared library C:\Program Files\Android\Android Studio1\jbr\bin\java.dll
Event: 0.243 Loaded shared library C:\Program Files\Android\Android Studio1\jbr\bin\verify.dll

Deoptimization events (20 events):
Event: 799.669 Thread 0x000002866573bbe0 Uncommon trap: trap_request=0xffffffbe fr.pc=0x000002865229d1dc relative=0x000000000000005c
Event: 799.669 Thread 0x000002866573bbe0 Uncommon trap: reason=profile_predicate action=maybe_recompile pc=0x000002865229d1dc method=jdk.nio.zipfs.ZipPath.getResolved()[B @ 8 c2
Event: 799.669 Thread 0x000002866573bbe0 DEOPT PACKING pc=0x000002865229d1dc sp=0x000000d827cfda70
Event: 799.669 Thread 0x000002866573bbe0 DEOPT UNPACKING pc=0x00000286518969a3 sp=0x000000d827cfd9f8 mode 2
Event: 799.671 Thread 0x000002866573bbe0 Uncommon trap: trap_request=0xffffffbe fr.pc=0x000002865229d1dc relative=0x000000000000005c
Event: 799.671 Thread 0x000002866573bbe0 Uncommon trap: reason=profile_predicate action=maybe_recompile pc=0x000002865229d1dc method=jdk.nio.zipfs.ZipPath.getResolved()[B @ 8 c2
Event: 799.671 Thread 0x000002866573bbe0 DEOPT PACKING pc=0x000002865229d1dc sp=0x000000d827cfda70
Event: 799.671 Thread 0x000002866573bbe0 DEOPT UNPACKING pc=0x00000286518969a3 sp=0x000000d827cfd9f8 mode 2
Event: 799.761 Thread 0x0000028665513300 Uncommon trap: trap_request=0xffffff45 fr.pc=0x0000028652894764 relative=0x0000000000000764
Event: 799.761 Thread 0x0000028665513300 Uncommon trap: reason=unstable_if action=reinterpret pc=0x0000028652894764 method=java.util.concurrent.locks.AbstractQueuedSynchronizer$ConditionObject.awaitNanos(J)J @ 73 c2
Event: 799.761 Thread 0x0000028665513300 DEOPT PACKING pc=0x0000028652894764 sp=0x000000d8280ff010
Event: 799.761 Thread 0x0000028665513300 DEOPT UNPACKING pc=0x00000286518969a3 sp=0x000000d8280fef98 mode 2
Event: 922.286 Thread 0x000002866555de90 Uncommon trap: trap_request=0xffffffbe fr.pc=0x00000286523079c0 relative=0x0000000000000320
Event: 922.286 Thread 0x000002866555de90 Uncommon trap: reason=profile_predicate action=maybe_recompile pc=0x00000286523079c0 method=java.math.BigInteger.longValue()J @ 5 c2
Event: 922.286 Thread 0x000002866555de90 DEOPT PACKING pc=0x00000286523079c0 sp=0x000000d8158fabe0
Event: 922.286 Thread 0x000002866555de90 DEOPT UNPACKING pc=0x00000286518969a3 sp=0x000000d8158fab88 mode 2
Event: 922.314 Thread 0x000002866555de90 Uncommon trap: trap_request=0xffffffde fr.pc=0x0000028652638950 relative=0x00000000000006b0
Event: 922.314 Thread 0x000002866555de90 Uncommon trap: reason=class_check action=maybe_recompile pc=0x0000028652638950 method=org.gradle.cache.internal.LockOnDemandCrossProcessCacheAccess.incrementLockCount()V @ 97 c2
Event: 922.314 Thread 0x000002866555de90 DEOPT PACKING pc=0x0000028652638950 sp=0x000000d8158f71c0
Event: 922.314 Thread 0x000002866555de90 DEOPT UNPACKING pc=0x00000286518969a3 sp=0x000000d8158f7170 mode 2

Classes unloaded (16 events):
Event: 9.338 Thread 0x0000028663059a10 Unloading class 0x0000000100e0c000 'java/lang/invoke/LambdaForm$DMH+0x0000000100e0c000'
Event: 9.338 Thread 0x0000028663059a10 Unloading class 0x0000000100e0bc00 'java/lang/invoke/LambdaForm$DMH+0x0000000100e0bc00'
Event: 9.338 Thread 0x0000028663059a10 Unloading class 0x0000000100e0b800 'java/lang/invoke/LambdaForm$DMH+0x0000000100e0b800'
Event: 9.338 Thread 0x0000028663059a10 Unloading class 0x0000000100e0b400 'java/lang/invoke/LambdaForm$DMH+0x0000000100e0b400'
Event: 9.339 Thread 0x0000028663059a10 Unloading class 0x0000000100e0b000 'java/lang/invoke/LambdaForm$DMH+0x0000000100e0b000'
Event: 9.339 Thread 0x0000028663059a10 Unloading class 0x0000000100e0a800 'java/lang/invoke/LambdaForm$DMH+0x0000000100e0a800'
Event: 9.339 Thread 0x0000028663059a10 Unloading class 0x0000000100e0ac00 'java/lang/invoke/LambdaForm$DMH+0x0000000100e0ac00'
Event: 9.339 Thread 0x0000028663059a10 Unloading class 0x0000000100e0a400 'java/lang/invoke/LambdaForm$DMH+0x0000000100e0a400'
Event: 9.339 Thread 0x0000028663059a10 Unloading class 0x0000000100e0a000 'java/lang/invoke/LambdaForm$DMH+0x0000000100e0a000'
Event: 9.339 Thread 0x0000028663059a10 Unloading class 0x0000000100e09c00 'java/lang/invoke/LambdaForm$DMH+0x0000000100e09c00'
Event: 9.339 Thread 0x0000028663059a10 Unloading class 0x0000000100e09800 'java/lang/invoke/LambdaForm$DMH+0x0000000100e09800'
Event: 9.339 Thread 0x0000028663059a10 Unloading class 0x0000000100e09400 'java/lang/invoke/LambdaForm$DMH+0x0000000100e09400'
Event: 9.339 Thread 0x0000028663059a10 Unloading class 0x0000000100e09000 'java/lang/invoke/LambdaForm$DMH+0x0000000100e09000'
Event: 9.339 Thread 0x0000028663059a10 Unloading class 0x0000000100e08800 'java/lang/invoke/LambdaForm$DMH+0x0000000100e08800'
Event: 9.339 Thread 0x0000028663059a10 Unloading class 0x0000000100e08400 'java/lang/invoke/LambdaForm$DMH+0x0000000100e08400'
Event: 9.339 Thread 0x0000028663059a10 Unloading class 0x0000000100e08c00 'java/lang/invoke/LambdaForm$DMH+0x0000000100e08c00'

Classes redefined (0 events):
No events

Internal exceptions (20 events):
Event: 799.716 Thread 0x000002866573bbe0 Exception <a 'sun/nio/fs/WindowsException'{0x000000008de671f0}> (0x000000008de671f0) 
thrown [s\src\hotspot\share\prims\jni.cpp, line 517]
Event: 799.717 Thread 0x000002866573bbe0 Exception <a 'sun/nio/fs/WindowsException'{0x000000008de6c910}> (0x000000008de6c910) 
thrown [s\src\hotspot\share\prims\jni.cpp, line 517]
Event: 799.718 Thread 0x000002866573bbe0 Exception <a 'sun/nio/fs/WindowsException'{0x000000008de6db50}> (0x000000008de6db50) 
thrown [s\src\hotspot\share\prims\jni.cpp, line 517]
Event: 799.718 Thread 0x000002866573bbe0 Exception <a 'sun/nio/fs/WindowsException'{0x000000008de73f88}> (0x000000008de73f88) 
thrown [s\src\hotspot\share\prims\jni.cpp, line 517]
Event: 799.722 Thread 0x000002866573bbe0 Exception <a 'sun/nio/fs/WindowsException'{0x000000008de81d20}> (0x000000008de81d20) 
thrown [s\src\hotspot\share\prims\jni.cpp, line 517]
Event: 799.726 Thread 0x000002866573bbe0 Exception <a 'sun/nio/fs/WindowsException'{0x000000008de8e868}> (0x000000008de8e868) 
thrown [s\src\hotspot\share\prims\jni.cpp, line 517]
Event: 799.728 Thread 0x000002866573bbe0 Exception <a 'sun/nio/fs/WindowsException'{0x000000008de96380}> (0x000000008de96380) 
thrown [s\src\hotspot\share\prims\jni.cpp, line 517]
Event: 799.729 Thread 0x000002866573bbe0 Exception <a 'sun/nio/fs/WindowsException'{0x000000008de9a408}> (0x000000008de9a408) 
thrown [s\src\hotspot\share\prims\jni.cpp, line 517]
Event: 799.729 Thread 0x000002866573bbe0 Exception <a 'sun/nio/fs/WindowsException'{0x000000008dea15b8}> (0x000000008dea15b8) 
thrown [s\src\hotspot\share\prims\jni.cpp, line 517]
Event: 799.730 Thread 0x000002866573bbe0 Exception <a 'sun/nio/fs/WindowsException'{0x000000008dea3098}> (0x000000008dea3098) 
thrown [s\src\hotspot\share\prims\jni.cpp, line 517]
Event: 799.731 Thread 0x000002866573bbe0 Exception <a 'sun/nio/fs/WindowsException'{0x000000008dea6de8}> (0x000000008dea6de8) 
thrown [s\src\hotspot\share\prims\jni.cpp, line 517]
Event: 799.732 Thread 0x000002866573bbe0 Exception <a 'sun/nio/fs/WindowsException'{0x000000008deac8d0}> (0x000000008deac8d0) 
thrown [s\src\hotspot\share\prims\jni.cpp, line 517]
Event: 799.733 Thread 0x000002866573bbe0 Exception <a 'sun/nio/fs/WindowsException'{0x000000008deae040}> (0x000000008deae040) 
thrown [s\src\hotspot\share\prims\jni.cpp, line 517]
Event: 799.734 Thread 0x000002866573bbe0 Exception <a 'sun/nio/fs/WindowsException'{0x000000008deb5078}> (0x000000008deb5078) 
thrown [s\src\hotspot\share\prims\jni.cpp, line 517]
Event: 799.735 Thread 0x000002866573bbe0 Exception <a 'sun/nio/fs/WindowsException'{0x000000008deb69c0}> (0x000000008deb69c0) 
thrown [s\src\hotspot\share\prims\jni.cpp, line 517]
Event: 799.736 Thread 0x000002866573bbe0 Exception <a 'sun/nio/fs/WindowsException'{0x000000008dec01d0}> (0x000000008dec01d0) 
thrown [s\src\hotspot\share\prims\jni.cpp, line 517]
Event: 799.757 Thread 0x0000028673142aa0 Exception <a 'sun/nio/fs/WindowsException'{0x000000008dbfe6c0}> (0x000000008dbfe6c0) 
thrown [s\src\hotspot\share\prims\jni.cpp, line 517]
Event: 799.757 Thread 0x0000028673142aa0 Exception <a 'sun/nio/fs/WindowsException'{0x000000008dbfeae0}> (0x000000008dbfeae0) 
thrown [s\src\hotspot\share\prims\jni.cpp, line 517]
Event: 799.757 Thread 0x0000028673142aa0 Exception <a 'sun/nio/fs/WindowsException'{0x000000008da00f88}> (0x000000008da00f88) 
thrown [s\src\hotspot\share\prims\jni.cpp, line 517]
Event: 799.762 Thread 0x000002866555de90 Exception <a 'sun/nio/fs/WindowsException'{0x000000008da84120}> (0x000000008da84120) 
thrown [s\src\hotspot\share\prims\jni.cpp, line 517]

VM Operations (20 events):
Event: 798.588 Executing VM operation: ICBufferFull
Event: 798.588 Executing VM operation: ICBufferFull done
Event: 798.594 Executing VM operation: HandshakeAllThreads
Event: 798.594 Executing VM operation: HandshakeAllThreads done
Event: 798.621 Executing VM operation: HandshakeAllThreads
Event: 798.622 Executing VM operation: HandshakeAllThreads done
Event: 799.219 Executing VM operation: G1CollectForAllocation
Event: 799.224 Executing VM operation: G1CollectForAllocation done
Event: 799.247 Executing VM operation: G1CollectForAllocation
Event: 799.252 Executing VM operation: G1CollectForAllocation done
Event: 800.263 Executing VM operation: Cleanup
Event: 800.263 Executing VM operation: Cleanup done
Event: 801.277 Executing VM operation: Cleanup
Event: 801.277 Executing VM operation: Cleanup done
Event: 871.805 Executing VM operation: Cleanup
Event: 871.805 Executing VM operation: Cleanup done
Event: 880.879 Executing VM operation: Cleanup
Event: 880.879 Executing VM operation: Cleanup done
Event: 881.890 Executing VM operation: Cleanup
Event: 881.890 Executing VM operation: Cleanup done

Events (20 events):
Event: 859.768 Thread 0x0000028673b0a2e0 Thread exited: 0x0000028673b0a2e0
Event: 859.831 Thread 0x0000028673142aa0 Thread exited: 0x0000028673142aa0
Event: 859.847 Thread 0x0000028673140dc0 Thread exited: 0x0000028673140dc0
Event: 922.258 Thread 0x000002866555fb70 Thread added: 0x000002866555fb70
Event: 922.258 Thread 0x000002866555d020 Thread added: 0x000002866555d020
Event: 922.261 Thread 0x000002866555d9c0 Thread added: 0x000002866555d9c0
Event: 922.264 Thread 0x000002866555de90 Thread added: 0x000002866555de90
Event: 922.265 Thread 0x000002866555e360 Thread added: 0x000002866555e360
Event: 922.266 Thread 0x000002866555ed00 Thread added: 0x000002866555ed00
Event: 922.267 Thread 0x000002866a216770 Thread added: 0x000002866a216770
Event: 922.278 Thread 0x000002866a215430 Thread added: 0x000002866a215430
Event: 922.280 Thread 0x000002866a210c00 Thread added: 0x000002866a210c00
Event: 922.282 Thread 0x000002866a214a90 Thread added: 0x000002866a214a90
Event: 922.283 Thread 0x000002866a216c40 Thread added: 0x000002866a216c40
Event: 922.303 Thread 0x000002866a214f60 Thread added: 0x000002866a214f60
Event: 922.313 Thread 0x000002866a213750 Thread added: 0x000002866a213750
Event: 922.334 Thread 0x0000028674ff3130 Thread added: 0x0000028674ff3130
Event: 922.334 Thread 0x0000028674fefe90 Thread added: 0x0000028674fefe90
Event: 922.334 Thread 0x0000028674ff2c20 Thread added: 0x0000028674ff2c20
Event: 922.334 Thread 0x0000028674ff08b0 Thread added: 0x0000028674ff08b0


Dynamic libraries:
0x00007ff77e8e0000 - 0x00007ff77e8ea000 	C:\Program Files\Android\Android Studio1\jbr\bin\java.exe
0x00007ffaa2610000 - 0x00007ffaa2827000 	C:\WINDOWS\SYSTEM32\ntdll.dll
0x00007ffaa1890000 - 0x00007ffaa1954000 	C:\WINDOWS\System32\KERNEL32.DLL
0x00007ffa9fd50000 - 0x00007ffaa00f5000 	C:\WINDOWS\System32\KERNELBASE.dll
0x00007ffa9fc30000 - 0x00007ffa9fd41000 	C:\WINDOWS\System32\ucrtbase.dll
0x00007ffa61e80000 - 0x00007ffa61e97000 	C:\Program Files\Android\Android Studio1\jbr\bin\jli.dll
0x00007ffa8c5d0000 - 0x00007ffa8c5eb000 	C:\Program Files\Android\Android Studio1\jbr\bin\VCRUNTIME140.dll
0x00007ffaa1580000 - 0x00007ffaa172e000 	C:\WINDOWS\System32\USER32.dll
0x00007ffa9fa20000 - 0x00007ffa9fa46000 	C:\WINDOWS\System32\win32u.dll
0x00007ffa7c8f0000 - 0x00007ffa7cb83000 	C:\WINDOWS\WinSxS\amd64_microsoft.windows.common-controls_6595b64144ccf1df_6.0.22621.2506_none_270c5ae97388e100\COMCTL32.dll
0x00007ffaa1a10000 - 0x00007ffaa1a39000 	C:\WINDOWS\System32\GDI32.dll
0x00007ffaa1310000 - 0x00007ffaa13b7000 	C:\WINDOWS\System32\msvcrt.dll
0x00007ffa9fb10000 - 0x00007ffa9fc29000 	C:\WINDOWS\System32\gdi32full.dll
0x00007ffa9f980000 - 0x00007ffa9fa1a000 	C:\WINDOWS\System32\msvcp_win.dll
0x00007ffaa1ac0000 - 0x00007ffaa1af1000 	C:\WINDOWS\System32\IMM32.DLL
0x0000028646e40000 - 0x0000028646e54000 	C:\WINDOWS\System32\umppc17605.dll
0x00007ffa9ad90000 - 0x00007ffa9ad9c000 	C:\Program Files\Android\Android Studio1\jbr\bin\vcruntime140_1.dll
0x00007ffa78790000 - 0x00007ffa7881d000 	C:\Program Files\Android\Android Studio1\jbr\bin\msvcp140.dll
0x00007ff9dad70000 - 0x00007ff9db9de000 	C:\Program Files\Android\Android Studio1\jbr\bin\server\jvm.dll
0x00007ffaa0f70000 - 0x00007ffaa1021000 	C:\WINDOWS\System32\ADVAPI32.dll
0x00007ffaa1df0000 - 0x00007ffaa1e96000 	C:\WINDOWS\System32\sechost.dll
0x00007ffaa1030000 - 0x00007ffaa1147000 	C:\WINDOWS\System32\RPCRT4.dll
0x00007ffa6a320000 - 0x00007ffa6a329000 	C:\WINDOWS\SYSTEM32\WSOCK32.dll
0x00007ffaa1a40000 - 0x00007ffaa1ab1000 	C:\WINDOWS\System32\WS2_32.dll
0x00007ffa84d20000 - 0x00007ffa84d54000 	C:\WINDOWS\SYSTEM32\WINMM.dll
0x00007ffa987c0000 - 0x00007ffa987ca000 	C:\WINDOWS\SYSTEM32\VERSION.dll
0x00007ffa9e980000 - 0x00007ffa9e998000 	C:\WINDOWS\SYSTEM32\kernel.appcore.dll
0x00007ffa7a340000 - 0x00007ffa7a34a000 	C:\Program Files\Android\Android Studio1\jbr\bin\jimage.dll
0x00007ffa914c0000 - 0x00007ffa916f3000 	C:\WINDOWS\SYSTEM32\DBGHELP.DLL
0x00007ffaa0360000 - 0x00007ffaa06e9000 	C:\WINDOWS\System32\combase.dll
0x00007ffaa1cb0000 - 0x00007ffaa1d87000 	C:\WINDOWS\System32\OLEAUT32.dll
0x00007ffa81db0000 - 0x00007ffa81de2000 	C:\WINDOWS\SYSTEM32\dbgcore.DLL
0x00007ffaa02e0000 - 0x00007ffaa035a000 	C:\WINDOWS\System32\bcryptPrimitives.dll
0x00007ffa69cd0000 - 0x00007ffa69cf5000 	C:\Program Files\Android\Android Studio1\jbr\bin\java.dll
0x00007ffa68740000 - 0x00007ffa68758000 	C:\Program Files\Android\Android Studio1\jbr\bin\zip.dll
0x00007ffaa06f0000 - 0x00007ffaa0f49000 	C:\WINDOWS\System32\SHELL32.dll
0x00007ffa9d7c0000 - 0x00007ffa9e0b4000 	C:\WINDOWS\SYSTEM32\windows.storage.dll
0x00007ffa9d580000 - 0x00007ffa9d6be000 	C:\WINDOWS\SYSTEM32\wintypes.dll
0x00007ffaa1440000 - 0x00007ffaa1533000 	C:\WINDOWS\System32\SHCORE.dll
0x00007ffaa1d90000 - 0x00007ffaa1dee000 	C:\WINDOWS\System32\shlwapi.dll
0x00007ffa9f8b0000 - 0x00007ffa9f8d6000 	C:\WINDOWS\SYSTEM32\profapi.dll
0x00007ffa68700000 - 0x00007ffa68719000 	C:\Program Files\Android\Android Studio1\jbr\bin\net.dll
0x00007ffa99930000 - 0x00007ffa99a67000 	C:\WINDOWS\SYSTEM32\WINHTTP.dll
0x00007ffa9ee00000 - 0x00007ffa9ee69000 	C:\WINDOWS\system32\mswsock.dll
0x00007ffa686e0000 - 0x00007ffa686f6000 	C:\Program Files\Android\Android Studio1\jbr\bin\nio.dll
0x00007ffa6d340000 - 0x00007ffa6d350000 	C:\Program Files\Android\Android Studio1\jbr\bin\verify.dll
0x00007ffa801e0000 - 0x00007ffa80207000 	C:\Users\arshadsharif\.gradle\native\68d5fa5c4cc2d200863cafc0d521ce42e7d3e7ee720ec0a83991735586a16f82\windows-amd64\native-platform.dll
0x00007ffa649a0000 - 0x00007ffa64ae4000 	C:\Users\arshadsharif\.gradle\native\e376f236ea51e6404a007f0833ffe2c6e607c4080706a723a18a27aeea778392\windows-amd64\native-platform-file-events.dll
0x00007ffa69cc0000 - 0x00007ffa69cc9000 	C:\Program Files\Android\Android Studio1\jbr\bin\management.dll
0x00007ffa68690000 - 0x00007ffa6869b000 	C:\Program Files\Android\Android Studio1\jbr\bin\management_ext.dll
0x00007ffaa1730000 - 0x00007ffaa1738000 	C:\WINDOWS\System32\PSAPI.DLL
0x00007ffa9f060000 - 0x00007ffa9f07b000 	C:\WINDOWS\SYSTEM32\CRYPTSP.dll
0x00007ffa9e8e0000 - 0x00007ffa9e915000 	C:\WINDOWS\system32\rsaenh.dll
0x00007ffa9eef0000 - 0x00007ffa9ef1c000 	C:\WINDOWS\SYSTEM32\USERENV.dll
0x00007ffa9f230000 - 0x00007ffa9f258000 	C:\WINDOWS\SYSTEM32\bcrypt.dll
0x00007ffa9f050000 - 0x00007ffa9f05c000 	C:\WINDOWS\SYSTEM32\CRYPTBASE.dll
0x00007ffa9e210000 - 0x00007ffa9e23d000 	C:\WINDOWS\SYSTEM32\IPHLPAPI.DLL
0x00007ffaa1550000 - 0x00007ffaa1559000 	C:\WINDOWS\System32\NSI.dll
0x00007ffa99d80000 - 0x00007ffa99d99000 	C:\WINDOWS\SYSTEM32\dhcpcsvc6.DLL
0x00007ffa99d40000 - 0x00007ffa99d5f000 	C:\WINDOWS\SYSTEM32\dhcpcsvc.DLL
0x00007ffa9e240000 - 0x00007ffa9e339000 	C:\WINDOWS\SYSTEM32\DNSAPI.dll
0x00007ffa6a1e0000 - 0x00007ffa6a1e8000 	C:\WINDOWS\system32\wshunix.dll
0x00007ffa97b80000 - 0x00007ffa97b8a000 	C:\Windows\System32\rasadhlp.dll
0x00007ffa99e10000 - 0x00007ffa99e93000 	C:\WINDOWS\System32\fwpuclnt.dll
0x00007ffa74a20000 - 0x00007ffa74a37000 	C:\WINDOWS\system32\napinsp.dll
0x00007ffa74a40000 - 0x00007ffa74a5b000 	C:\WINDOWS\system32\pnrpnsp.dll
0x00007ffa74a60000 - 0x00007ffa74a71000 	C:\WINDOWS\System32\winrnr.dll
0x00007ffa7a320000 - 0x00007ffa7a335000 	C:\WINDOWS\system32\wshbth.dll
0x00007ffa74a80000 - 0x00007ffa74aa1000 	C:\WINDOWS\system32\nlansp_c.dll
0x00007ffa8bdd0000 - 0x00007ffa8bdee000 	C:\Users\arshadsharif\AppData\Local\Temp\native-platform3028566510663628682dir\native-platform.dll

dbghelp: loaded successfully - version: 4.0.5 - missing functions: none
symbol engine: initialized successfully - sym options: 0x614 - pdb path: .;C:\Program Files\Android\Android Studio1\jbr\bin;C:\WINDOWS\SYSTEM32;C:\WINDOWS\WinSxS\amd64_microsoft.windows.common-controls_6595b64144ccf1df_6.0.22621.2506_none_270c5ae97388e100;C:\Program Files\Android\Android Studio1\jbr\bin\server;C:\Users\arshadsharif\.gradle\native\68d5fa5c4cc2d200863cafc0d521ce42e7d3e7ee720ec0a83991735586a16f82\windows-amd64;C:\Users\arshadsharif\.gradle\native\e376f236ea51e6404a007f0833ffe2c6e607c4080706a723a18a27aeea778392\windows-amd64;C:\Users\arshadsharif\AppData\Local\Temp\native-platform3028566510663628682dir

VM Arguments:
jvm_args: --add-opens=java.base/java.util=ALL-UNNAMED --add-opens=java.base/java.lang=ALL-UNNAMED --add-opens=java.base/java.lang.invoke=ALL-UNNAMED --add-opens=java.prefs/java.util.prefs=ALL-UNNAMED --add-opens=java.base/java.nio.charset=ALL-UNNAMED --add-opens=java.base/java.net=ALL-UNNAMED --add-opens=java.base/java.util.concurrent.atomic=ALL-UNNAMED -Xmx2048m -Dfile.encoding=UTF-8 -Duser.country=US -Duser.language=en -Duser.variant 
java_command: org.gradle.launcher.daemon.bootstrap.GradleDaemon 8.0
java_class_path (initial): C:\Users\arshadsharif\.gradle\wrapper\dists\gradle-8.0-bin\ca5e32bp14vu59qr306oxotwh\gradle-8.0\lib\gradle-launcher-8.0.jar
Launcher Type: SUN_STANDARD

[Global flags]
     intx CICompilerCount                          = 12                                        {product} {ergonomic}
     uint ConcGCThreads                            = 4                                         {product} {ergonomic}
     uint G1ConcRefinementThreads                  = 15                                        {product} {ergonomic}
   size_t G1HeapRegionSize                         = 1048576                                   {product} {ergonomic}
    uintx GCDrainStackTargetSize                   = 64                                        {product} {ergonomic}
   size_t InitialHeapSize                          = 264241152                                 {product} {ergonomic}
   size_t MarkStackSize                            = 4194304                                   {product} {ergonomic}
   size_t MaxHeapSize                              = 2147483648                                {product} {command line}
   size_t MaxNewSize                               = 1287651328                                {product} {ergonomic}
   size_t MinHeapDeltaBytes                        = 1048576                                   {product} {ergonomic}
   size_t MinHeapSize                              = 8388608                                   {product} {ergonomic}
    uintx NonNMethodCodeHeapSize                   = 7602480                                {pd product} {ergonomic}
    uintx NonProfiledCodeHeapSize                  = 122027880                              {pd product} {ergonomic}
    uintx ProfiledCodeHeapSize                     = 122027880                              {pd product} {ergonomic}
    uintx ReservedCodeCacheSize                    = 251658240                              {pd product} {ergonomic}
     bool SegmentedCodeCache                       = true                                      {product} {ergonomic}
   size_t SoftMaxHeapSize                          = 2147483648                             {manageable} {ergonomic}
     bool UseCompressedClassPointers               = true                           {product lp64_product} {ergonomic}
     bool UseCompressedOops                        = true                           {product lp64_product} {ergonomic}
     bool UseG1GC                                  = true                                      {product} {ergonomic}
     bool UseLargePagesIndividualAllocation        = false                                  {pd product} {ergonomic}

Logging:
Log output configuration:
 #0: stdout all=warning uptime,level,tags
 #1: stderr all=off uptime,level,tags

Environment Variables:
JAVA_HOME=C:\Program Files\java\jdk-11.0.14
PATH=C:\Program Files\Common Files\Oracle\Java\javapath;C:\WINDOWS\system32;C:\WINDOWS;C:\WINDOWS\System32\Wbem;C:\WINDOWS\System32\WindowsPowerShell\v1.0\;C:\WINDOWS\System32\OpenSSH\;C:\Program Files\dotnet\;C:\Program Files\Microsoft SQL Server\130\Tools\Binn\;C:\Program Files\Microsoft SQL Server\Client SDK\ODBC\170\Tools\Binn\;C:\Program Files (x86)\Microsoft SQL Server\Client SDK\ODBC\130\Tools\Binn\;C:\Program Files (x86)\Microsoft SQL Server\140\Tools\Binn\;C:\Program Files (x86)\Microsoft SQL Server\140\DTS\Binn\;C:\Program Files (x86)\Microsoft SQL Server\140\Tools\Binn\ManagementStudio\;C:\Program Files\Microsoft VS Code\bin;C:\Sdk;C:\Program Files (x86)\nodejs\;C:\Program Files\Java\jdk-11.0.14;C:\Program Files\Git\cmd;C:\Users\arshadsharif\AppData\Local\Microsoft\WindowsApps;C:\Users\arshadsharif\AppData\Local\Programs\Git\cmd;
USERNAME=ARSHADSHARIF
OS=Windows_NT
PROCESSOR_IDENTIFIER=Intel64 Family 6 Model 165 Stepping 5, GenuineIntel
TMP=C:\Users\ARSHAD~1\AppData\Local\Temp
TEMP=C:\Users\ARSHAD~1\AppData\Local\Temp


JNI global refs:
JNI global refs: 39, weak refs: 2

JNI global refs memory usage: 843, weak refs: 841


---------------  S Y S T E M  ---------------

OS:
 Windows 11 , 64 bit Build 22621 (10.0.22621.2506)
OS uptime: 1 days 2:03 hours

CPU: total 20 (initial active 20) (10 cores per cpu, 2 threads per core) family 6 model 165 stepping 5 microcode 0xf0, cx8, cmov, fxsr, ht, mmx, 3dnowpref, sse, sse2, sse3, ssse3, sse4.1, sse4.2, popcnt, lzcnt, tsc, tscinvbit, avx, avx2, aes, erms, clmul, bmi1, bmi2, adx, fma, vzeroupper, clflush, clflushopt

Memory: 4k page, system-wide physical 16081M (3217M free)
TotalPageFile size 16081M (AvailPageFile size 4M)
current process WorkingSet (physical memory assigned to process): 561M, peak: 631M
current process commit charge ("private bytes"): 614M, peak: 690M

vm_info: OpenJDK 64-Bit Server VM (17.0.6+0-b2043.56-10027231) for windows-amd64 JRE (17.0.6+0-b2043.56-10027231), built on Apr 28 2023 00:43:19 by "androidbuild" with MS VC++ 16.10 / 16.11 (VS2019)

END.
