#
# There is insufficient memory for the Java Runtime Environment to continue.
# Native memory allocation (malloc) failed to allocate 362576 bytes for Chunk::new
# Possible reasons:
#   The system is out of physical RAM or swap space
#   The process is running with CompressedOops enabled, and the Java Heap may be blocking the growth of the native heap
# Possible solutions:
#   Reduce memory load on the system
#   Increase physical memory or swap space
#   Check if swap backing store is full
#   Decrease Java heap size (-Xmx/-Xms)
#   Decrease number of Java threads
#   Decrease Java thread stack sizes (-Xss)
#   Set larger code cache with -XX:ReservedCodeCacheSize=
#   JVM is running with Zero Based Compressed Oops mode in which the Java heap is
#     placed in the first 32GB address space. The Java Heap base address is the
#     maximum limit for the native heap growth. Please use -XX:HeapBaseMinAddress
#     to set the Java Heap base and to place the Java Heap above 32GB virtual address.
# This output file may be truncated or incomplete.
#
#  Out of Memory Error (arena.cpp:189), pid=1700, tid=24052
#
# JRE version: OpenJDK Runtime Environment (17.0.6) (build 17.0.6+0-b2043.56-10027231)
# Java VM: OpenJDK 64-Bit Server VM (17.0.6+0-b2043.56-10027231, mixed mode, tiered, compressed oops, compressed class ptrs, g1 gc, windows-amd64)
# No core dump will be written. Minidumps are not enabled by default on client versions of Windows
#

---------------  S U M M A R Y ------------

Command Line: org.jetbrains.kotlin.cli.jvm.K2JVMCompiler @C:\Users\arshadsharif\AndroidStudioProjects\MyApplication7\app\build\20231201_6104667846986878542.compiler.options

Host: Intel(R) Core(TM) i9-10900 CPU @ 2.80GHz, 20 cores, 15G,  Windows 11 , 64 bit Build 22621 (10.0.22621.2506)
Time: Fri Dec  1 23:59:51 2023 Pakistan Standard Time elapsed time: 0.401728 seconds (0d 0h 0m 0s)

---------------  T H R E A D  ---------------

Current thread (0x0000020f3ccc2120):  JavaThread "C2 CompilerThread0" daemon [_thread_in_native, id=24052, stack(0x0000008a2d400000,0x0000008a2d500000)]


Current CompileTask:
C2:    401  815   !   4       java.util.zip.ZipFile$Source::getEntryPos (173 bytes)

Stack: [0x0000008a2d400000,0x0000008a2d500000]
Native frames: (J=compiled Java code, j=interpreted, Vv=VM code, C=native code)
V  [jvm.dll+0x683c9a]
V  [jvm.dll+0x8427a4]
V  [jvm.dll+0x843f9e]
V  [jvm.dll+0x844603]
V  [jvm.dll+0x249b75]
V  [jvm.dll+0xabcac]
V  [jvm.dll+0xac27c]
V  [jvm.dll+0x368857]
V  [jvm.dll+0x332f31]
V  [jvm.dll+0x3323da]
V  [jvm.dll+0x21c201]
V  [jvm.dll+0x21b621]
V  [jvm.dll+0x1a4fdd]
V  [jvm.dll+0x22b098]
V  [jvm.dll+0x229159]
V  [jvm.dll+0x7f81ec]
V  [jvm.dll+0x7f274a]
V  [jvm.dll+0x682ad5]
C  [ucrtbase.dll+0x29363]
C  [KERNEL32.DLL+0x1257d]
C  [ntdll.dll+0x5aa58]


---------------  P R O C E S S  ---------------

Threads class SMR info:
_java_thread_list=0x0000020f3d5f1c70, length=17, elements={
0x0000020f1c26f280, 0x0000020f3cc4baf0, 0x0000020f3cc4c960, 0x0000020f3cc9d060,
0x0000020f3cc9ded0, 0x0000020f3cc9f990, 0x0000020f3cca0750, 0x0000020f3ccc2120,
0x0000020f3cccaa30, 0x0000020f3cce5fe0, 0x0000020f3ce42610, 0x0000020f3ce76b70,
0x0000020f3ce778a0, 0x0000020f3ce8ac90, 0x0000020f3cef9970, 0x0000020f3d240370,
0x0000020f3d7fe920
}

Java Threads: ( => current thread )
  0x0000020f1c26f280 JavaThread "main" [_thread_in_Java, id=8548, stack(0x0000008a2c700000,0x0000008a2c800000)]
  0x0000020f3cc4baf0 JavaThread "Reference Handler" daemon [_thread_blocked, id=11512, stack(0x0000008a2ce00000,0x0000008a2cf00000)]
  0x0000020f3cc4c960 JavaThread "Finalizer" daemon [_thread_blocked, id=5348, stack(0x0000008a2cf00000,0x0000008a2d000000)]
  0x0000020f3cc9d060 JavaThread "Signal Dispatcher" daemon [_thread_blocked, id=14100, stack(0x0000008a2d000000,0x0000008a2d100000)]
  0x0000020f3cc9ded0 JavaThread "Attach Listener" daemon [_thread_blocked, id=13336, stack(0x0000008a2d100000,0x0000008a2d200000)]
  0x0000020f3cc9f990 JavaThread "Service Thread" daemon [_thread_blocked, id=4408, stack(0x0000008a2d200000,0x0000008a2d300000)]
  0x0000020f3cca0750 JavaThread "Monitor Deflation Thread" daemon [_thread_blocked, id=20256, stack(0x0000008a2d300000,0x0000008a2d400000)]
=>0x0000020f3ccc2120 JavaThread "C2 CompilerThread0" daemon [_thread_in_native, id=24052, stack(0x0000008a2d400000,0x0000008a2d500000)]
  0x0000020f3cccaa30 JavaThread "C1 CompilerThread0" daemon [_thread_blocked, id=19472, stack(0x0000008a2d500000,0x0000008a2d600000)]
  0x0000020f3cce5fe0 JavaThread "Sweeper thread" daemon [_thread_blocked, id=25180, stack(0x0000008a2d600000,0x0000008a2d700000)]
  0x0000020f3ce42610 JavaThread "C1 CompilerThread1" daemon [_thread_blocked, id=18568, stack(0x0000008a2d700000,0x0000008a2d800000)]
  0x0000020f3ce76b70 JavaThread "C1 CompilerThread2" daemon [_thread_blocked, id=8392, stack(0x0000008a2d800000,0x0000008a2d900000)]
  0x0000020f3ce778a0 JavaThread "Notification Thread" daemon [_thread_blocked, id=19024, stack(0x0000008a2d900000,0x0000008a2da00000)]
  0x0000020f3ce8ac90 JavaThread "Common-Cleaner" daemon [_thread_blocked, id=4364, stack(0x0000008a2db00000,0x0000008a2dc00000)]
  0x0000020f3cef9970 JavaThread "C2 CompilerThread1" daemon [_thread_in_native, id=19816, stack(0x0000008a2dc00000,0x0000008a2dd00000)]
  0x0000020f3d240370 JavaThread "C1 CompilerThread3" daemon [_thread_in_native, id=8816, stack(0x0000008a2dd00000,0x0000008a2de00000)]
  0x0000020f3d7fe920 JavaThread "C2 CompilerThread2" daemon [_thread_blocked, id=6312, stack(0x0000008a2e300000,0x0000008a2e400000)]

Other Threads:
  0x0000020f3cc48120 VMThread "VM Thread" [stack: 0x0000008a2cd00000,0x0000008a2ce00000] [id=25312]
  0x0000020f3ce7a590 WatcherThread [stack: 0x0000008a2da00000,0x0000008a2db00000] [id=8104]
  0x0000020f1c2dd690 GCTaskThread "GC Thread#0" [stack: 0x0000008a2c800000,0x0000008a2c900000] [id=3728]
  0x0000020f3d2dce50 GCTaskThread "GC Thread#1" [stack: 0x0000008a2de00000,0x0000008a2df00000] [id=4188]
  0x0000020f3d2dd100 GCTaskThread "GC Thread#2" [stack: 0x0000008a2df00000,0x0000008a2e000000] [id=23052]
  0x0000020f3d2dd3b0 GCTaskThread "GC Thread#3" [stack: 0x0000008a2e000000,0x0000008a2e100000] [id=6176]
  0x0000020f3d397a30 GCTaskThread "GC Thread#4" [stack: 0x0000008a2e100000,0x0000008a2e200000] [id=24868]
  0x0000020f3d3984f0 GCTaskThread "GC Thread#5" [stack: 0x0000008a2e200000,0x0000008a2e300000] [id=25132]
  0x0000020f1c2ee120 ConcurrentGCThread "G1 Main Marker" [stack: 0x0000008a2c900000,0x0000008a2ca00000] [id=3732]
  0x0000020f1c2ef2d0 ConcurrentGCThread "G1 Conc#0" [stack: 0x0000008a2ca00000,0x0000008a2cb00000] [id=21592]
  0x0000020f3c052b80 ConcurrentGCThread "G1 Refine#0" [stack: 0x0000008a2cb00000,0x0000008a2cc00000] [id=3708]
  0x0000020f3c0535a0 ConcurrentGCThread "G1 Service" [stack: 0x0000008a2cc00000,0x0000008a2cd00000] [id=22008]

Threads with active compile tasks:
C2 CompilerThread0      421  815   !   4       java.util.zip.ZipFile$Source::getEntryPos (173 bytes)
C2 CompilerThread1      421  816   !   4       java.util.zip.ZipFile::getEntry (59 bytes)

VM state: not at safepoint (normal execution)

VM Mutex/Monitor currently owned by a thread: None

Heap address: 0x0000000704a00000, size: 4022 MB, Compressed Oops mode: Zero based, Oop shift amount: 3

CDS archive(s) not mapped
Compressed class space mapped at: 0x0000000800000000-0x0000000840000000, reserved size: 1073741824
Narrow klass base: 0x0000000800000000, Narrow klass shift: 0, Narrow klass range: 0x40000000

GC Precious Log:
 CPUs: 20 total, 20 available
 Memory: 16081M
 Large Page Support: Disabled
 NUMA Support: Disabled
 Compressed Oops: Enabled (Zero based)
 Heap Region Size: 2M
 Heap Min Capacity: 8M
 Heap Initial Capacity: 252M
 Heap Max Capacity: 4022M
 Pre-touch: Disabled
 Parallel Workers: 15
 Concurrent Workers: 4
 Concurrent Refinement Workers: 15
 Periodic GC: Disabled

Heap:
 garbage-first heap   total 258048K, used 14979K [0x0000000704a00000, 0x0000000800000000)
  region size 2048K, 7 young (14336K), 2 survivors (4096K)
 Metaspace       used 14360K, committed 14528K, reserved 1064960K
  class space    used 1410K, committed 1472K, reserved 1048576K

Heap Regions: E=young(eden), S=young(survivor), O=old, HS=humongous(starts), HC=humongous(continues), CS=collection set, F=free, OA=open archive, CA=closed archive, TAMS=top-at-mark-start (previous, next)
|   0|0x0000000704a00000, 0x0000000704c00000, 0x0000000704c00000|100%|HS|  |TAMS 0x0000000704a00000, 0x0000000704a00000| Complete 
|   1|0x0000000704c00000, 0x0000000704e00000, 0x0000000704e00000|100%|HC|  |TAMS 0x0000000704c00000, 0x0000000704c00000| Complete 
|   2|0x0000000704e00000, 0x0000000704e00000, 0x0000000705000000|  0%| F|  |TAMS 0x0000000704e00000, 0x0000000704e00000| Untracked 
|   3|0x0000000705000000, 0x0000000705000000, 0x0000000705200000|  0%| F|  |TAMS 0x0000000705000000, 0x0000000705000000| Untracked 
|   4|0x0000000705200000, 0x0000000705200000, 0x0000000705400000|  0%| F|  |TAMS 0x0000000705200000, 0x0000000705200000| Untracked 
|   5|0x0000000705400000, 0x0000000705400000, 0x0000000705600000|  0%| F|  |TAMS 0x0000000705400000, 0x0000000705400000| Untracked 
|   6|0x0000000705600000, 0x0000000705600000, 0x0000000705800000|  0%| F|  |TAMS 0x0000000705600000, 0x0000000705600000| Untracked 
|   7|0x0000000705800000, 0x0000000705800000, 0x0000000705a00000|  0%| F|  |TAMS 0x0000000705800000, 0x0000000705800000| Untracked 
|   8|0x0000000705a00000, 0x0000000705a00000, 0x0000000705c00000|  0%| F|  |TAMS 0x0000000705a00000, 0x0000000705a00000| Untracked 
|   9|0x0000000705c00000, 0x0000000705c00000, 0x0000000705e00000|  0%| F|  |TAMS 0x0000000705c00000, 0x0000000705c00000| Untracked 
|  10|0x0000000705e00000, 0x0000000705e00000, 0x0000000706000000|  0%| F|  |TAMS 0x0000000705e00000, 0x0000000705e00000| Untracked 
|  11|0x0000000706000000, 0x0000000706000000, 0x0000000706200000|  0%| F|  |TAMS 0x0000000706000000, 0x0000000706000000| Untracked 
|  12|0x0000000706200000, 0x0000000706200000, 0x0000000706400000|  0%| F|  |TAMS 0x0000000706200000, 0x0000000706200000| Untracked 
|  13|0x0000000706400000, 0x0000000706400000, 0x0000000706600000|  0%| F|  |TAMS 0x0000000706400000, 0x0000000706400000| Untracked 
|  14|0x0000000706600000, 0x0000000706600000, 0x0000000706800000|  0%| F|  |TAMS 0x0000000706600000, 0x0000000706600000| Untracked 
|  15|0x0000000706800000, 0x0000000706800000, 0x0000000706a00000|  0%| F|  |TAMS 0x0000000706800000, 0x0000000706800000| Untracked 
|  16|0x0000000706a00000, 0x0000000706a00000, 0x0000000706c00000|  0%| F|  |TAMS 0x0000000706a00000, 0x0000000706a00000| Untracked 
|  17|0x0000000706c00000, 0x0000000706c00000, 0x0000000706e00000|  0%| F|  |TAMS 0x0000000706c00000, 0x0000000706c00000| Untracked 
|  18|0x0000000706e00000, 0x0000000706e00000, 0x0000000707000000|  0%| F|  |TAMS 0x0000000706e00000, 0x0000000706e00000| Untracked 
|  19|0x0000000707000000, 0x0000000707000000, 0x0000000707200000|  0%| F|  |TAMS 0x0000000707000000, 0x0000000707000000| Untracked 
|  20|0x0000000707200000, 0x0000000707200000, 0x0000000707400000|  0%| F|  |TAMS 0x0000000707200000, 0x0000000707200000| Untracked 
|  21|0x0000000707400000, 0x0000000707400000, 0x0000000707600000|  0%| F|  |TAMS 0x0000000707400000, 0x0000000707400000| Untracked 
|  22|0x0000000707600000, 0x0000000707600000, 0x0000000707800000|  0%| F|  |TAMS 0x0000000707600000, 0x0000000707600000| Untracked 
|  23|0x0000000707800000, 0x0000000707800000, 0x0000000707a00000|  0%| F|  |TAMS 0x0000000707800000, 0x0000000707800000| Untracked 
|  24|0x0000000707a00000, 0x0000000707a00000, 0x0000000707c00000|  0%| F|  |TAMS 0x0000000707a00000, 0x0000000707a00000| Untracked 
|  25|0x0000000707c00000, 0x0000000707c00000, 0x0000000707e00000|  0%| F|  |TAMS 0x0000000707c00000, 0x0000000707c00000| Untracked 
|  26|0x0000000707e00000, 0x0000000707e00000, 0x0000000708000000|  0%| F|  |TAMS 0x0000000707e00000, 0x0000000707e00000| Untracked 
|  27|0x0000000708000000, 0x0000000708000000, 0x0000000708200000|  0%| F|  |TAMS 0x0000000708000000, 0x0000000708000000| Untracked 
|  28|0x0000000708200000, 0x0000000708200000, 0x0000000708400000|  0%| F|  |TAMS 0x0000000708200000, 0x0000000708200000| Untracked 
|  29|0x0000000708400000, 0x0000000708400000, 0x0000000708600000|  0%| F|  |TAMS 0x0000000708400000, 0x0000000708400000| Untracked 
|  30|0x0000000708600000, 0x0000000708600000, 0x0000000708800000|  0%| F|  |TAMS 0x0000000708600000, 0x0000000708600000| Untracked 
|  31|0x0000000708800000, 0x0000000708800000, 0x0000000708a00000|  0%| F|  |TAMS 0x0000000708800000, 0x0000000708800000| Untracked 
|  32|0x0000000708a00000, 0x0000000708a00000, 0x0000000708c00000|  0%| F|  |TAMS 0x0000000708a00000, 0x0000000708a00000| Untracked 
|  33|0x0000000708c00000, 0x0000000708c00000, 0x0000000708e00000|  0%| F|  |TAMS 0x0000000708c00000, 0x0000000708c00000| Untracked 
|  34|0x0000000708e00000, 0x0000000708e00000, 0x0000000709000000|  0%| F|  |TAMS 0x0000000708e00000, 0x0000000708e00000| Untracked 
|  35|0x0000000709000000, 0x0000000709000000, 0x0000000709200000|  0%| F|  |TAMS 0x0000000709000000, 0x0000000709000000| Untracked 
|  36|0x0000000709200000, 0x0000000709200000, 0x0000000709400000|  0%| F|  |TAMS 0x0000000709200000, 0x0000000709200000| Untracked 
|  37|0x0000000709400000, 0x0000000709400000, 0x0000000709600000|  0%| F|  |TAMS 0x0000000709400000, 0x0000000709400000| Untracked 
|  38|0x0000000709600000, 0x0000000709600000, 0x0000000709800000|  0%| F|  |TAMS 0x0000000709600000, 0x0000000709600000| Untracked 
|  39|0x0000000709800000, 0x0000000709800000, 0x0000000709a00000|  0%| F|  |TAMS 0x0000000709800000, 0x0000000709800000| Untracked 
|  40|0x0000000709a00000, 0x0000000709a00000, 0x0000000709c00000|  0%| F|  |TAMS 0x0000000709a00000, 0x0000000709a00000| Untracked 
|  41|0x0000000709c00000, 0x0000000709c00000, 0x0000000709e00000|  0%| F|  |TAMS 0x0000000709c00000, 0x0000000709c00000| Untracked 
|  42|0x0000000709e00000, 0x0000000709e00000, 0x000000070a000000|  0%| F|  |TAMS 0x0000000709e00000, 0x0000000709e00000| Untracked 
|  43|0x000000070a000000, 0x000000070a000000, 0x000000070a200000|  0%| F|  |TAMS 0x000000070a000000, 0x000000070a000000| Untracked 
|  44|0x000000070a200000, 0x000000070a200000, 0x000000070a400000|  0%| F|  |TAMS 0x000000070a200000, 0x000000070a200000| Untracked 
|  45|0x000000070a400000, 0x000000070a400000, 0x000000070a600000|  0%| F|  |TAMS 0x000000070a400000, 0x000000070a400000| Untracked 
|  46|0x000000070a600000, 0x000000070a600000, 0x000000070a800000|  0%| F|  |TAMS 0x000000070a600000, 0x000000070a600000| Untracked 
|  47|0x000000070a800000, 0x000000070a800000, 0x000000070aa00000|  0%| F|  |TAMS 0x000000070a800000, 0x000000070a800000| Untracked 
|  48|0x000000070aa00000, 0x000000070aa00000, 0x000000070ac00000|  0%| F|  |TAMS 0x000000070aa00000, 0x000000070aa00000| Untracked 
|  49|0x000000070ac00000, 0x000000070ac00000, 0x000000070ae00000|  0%| F|  |TAMS 0x000000070ac00000, 0x000000070ac00000| Untracked 
|  50|0x000000070ae00000, 0x000000070ae00000, 0x000000070b000000|  0%| F|  |TAMS 0x000000070ae00000, 0x000000070ae00000| Untracked 
|  51|0x000000070b000000, 0x000000070b000000, 0x000000070b200000|  0%| F|  |TAMS 0x000000070b000000, 0x000000070b000000| Untracked 
|  52|0x000000070b200000, 0x000000070b200000, 0x000000070b400000|  0%| F|  |TAMS 0x000000070b200000, 0x000000070b200000| Untracked 
|  53|0x000000070b400000, 0x000000070b400000, 0x000000070b600000|  0%| F|  |TAMS 0x000000070b400000, 0x000000070b400000| Untracked 
|  54|0x000000070b600000, 0x000000070b600000, 0x000000070b800000|  0%| F|  |TAMS 0x000000070b600000, 0x000000070b600000| Untracked 
|  55|0x000000070b800000, 0x000000070b800000, 0x000000070ba00000|  0%| F|  |TAMS 0x000000070b800000, 0x000000070b800000| Untracked 
|  56|0x000000070ba00000, 0x000000070ba00000, 0x000000070bc00000|  0%| F|  |TAMS 0x000000070ba00000, 0x000000070ba00000| Untracked 
|  57|0x000000070bc00000, 0x000000070bc00000, 0x000000070be00000|  0%| F|  |TAMS 0x000000070bc00000, 0x000000070bc00000| Untracked 
|  58|0x000000070be00000, 0x000000070be00000, 0x000000070c000000|  0%| F|  |TAMS 0x000000070be00000, 0x000000070be00000| Untracked 
|  59|0x000000070c000000, 0x000000070c000000, 0x000000070c200000|  0%| F|  |TAMS 0x000000070c000000, 0x000000070c000000| Untracked 
|  60|0x000000070c200000, 0x000000070c200000, 0x000000070c400000|  0%| F|  |TAMS 0x000000070c200000, 0x000000070c200000| Untracked 
|  61|0x000000070c400000, 0x000000070c400000, 0x000000070c600000|  0%| F|  |TAMS 0x000000070c400000, 0x000000070c400000| Untracked 
|  62|0x000000070c600000, 0x000000070c600000, 0x000000070c800000|  0%| F|  |TAMS 0x000000070c600000, 0x000000070c600000| Untracked 
|  63|0x000000070c800000, 0x000000070c800000, 0x000000070ca00000|  0%| F|  |TAMS 0x000000070c800000, 0x000000070c800000| Untracked 
|  64|0x000000070ca00000, 0x000000070ca00000, 0x000000070cc00000|  0%| F|  |TAMS 0x000000070ca00000, 0x000000070ca00000| Untracked 
|  65|0x000000070cc00000, 0x000000070cc00000, 0x000000070ce00000|  0%| F|  |TAMS 0x000000070cc00000, 0x000000070cc00000| Untracked 
|  66|0x000000070ce00000, 0x000000070ce00000, 0x000000070d000000|  0%| F|  |TAMS 0x000000070ce00000, 0x000000070ce00000| Untracked 
|  67|0x000000070d000000, 0x000000070d000000, 0x000000070d200000|  0%| F|  |TAMS 0x000000070d000000, 0x000000070d000000| Untracked 
|  68|0x000000070d200000, 0x000000070d200000, 0x000000070d400000|  0%| F|  |TAMS 0x000000070d200000, 0x000000070d200000| Untracked 
|  69|0x000000070d400000, 0x000000070d400000, 0x000000070d600000|  0%| F|  |TAMS 0x000000070d400000, 0x000000070d400000| Untracked 
|  70|0x000000070d600000, 0x000000070d600000, 0x000000070d800000|  0%| F|  |TAMS 0x000000070d600000, 0x000000070d600000| Untracked 
|  71|0x000000070d800000, 0x000000070d800000, 0x000000070da00000|  0%| F|  |TAMS 0x000000070d800000, 0x000000070d800000| Untracked 
|  72|0x000000070da00000, 0x000000070da00000, 0x000000070dc00000|  0%| F|  |TAMS 0x000000070da00000, 0x000000070da00000| Untracked 
|  73|0x000000070dc00000, 0x000000070dc00000, 0x000000070de00000|  0%| F|  |TAMS 0x000000070dc00000, 0x000000070dc00000| Untracked 
|  74|0x000000070de00000, 0x000000070de00000, 0x000000070e000000|  0%| F|  |TAMS 0x000000070de00000, 0x000000070de00000| Untracked 
|  75|0x000000070e000000, 0x000000070e000000, 0x000000070e200000|  0%| F|  |TAMS 0x000000070e000000, 0x000000070e000000| Untracked 
|  76|0x000000070e200000, 0x000000070e200000, 0x000000070e400000|  0%| F|  |TAMS 0x000000070e200000, 0x000000070e200000| Untracked 
|  77|0x000000070e400000, 0x000000070e400000, 0x000000070e600000|  0%| F|  |TAMS 0x000000070e400000, 0x000000070e400000| Untracked 
|  78|0x000000070e600000, 0x000000070e600000, 0x000000070e800000|  0%| F|  |TAMS 0x000000070e600000, 0x000000070e600000| Untracked 
|  79|0x000000070e800000, 0x000000070e800000, 0x000000070ea00000|  0%| F|  |TAMS 0x000000070e800000, 0x000000070e800000| Untracked 
|  80|0x000000070ea00000, 0x000000070ea00000, 0x000000070ec00000|  0%| F|  |TAMS 0x000000070ea00000, 0x000000070ea00000| Untracked 
|  81|0x000000070ec00000, 0x000000070ec00000, 0x000000070ee00000|  0%| F|  |TAMS 0x000000070ec00000, 0x000000070ec00000| Untracked 
|  82|0x000000070ee00000, 0x000000070ee00000, 0x000000070f000000|  0%| F|  |TAMS 0x000000070ee00000, 0x000000070ee00000| Untracked 
|  83|0x000000070f000000, 0x000000070f000000, 0x000000070f200000|  0%| F|  |TAMS 0x000000070f000000, 0x000000070f000000| Untracked 
|  84|0x000000070f200000, 0x000000070f200000, 0x000000070f400000|  0%| F|  |TAMS 0x000000070f200000, 0x000000070f200000| Untracked 
|  85|0x000000070f400000, 0x000000070f400000, 0x000000070f600000|  0%| F|  |TAMS 0x000000070f400000, 0x000000070f400000| Untracked 
|  86|0x000000070f600000, 0x000000070f600000, 0x000000070f800000|  0%| F|  |TAMS 0x000000070f600000, 0x000000070f600000| Untracked 
|  87|0x000000070f800000, 0x000000070f800000, 0x000000070fa00000|  0%| F|  |TAMS 0x000000070f800000, 0x000000070f800000| Untracked 
|  88|0x000000070fa00000, 0x000000070fa00000, 0x000000070fc00000|  0%| F|  |TAMS 0x000000070fa00000, 0x000000070fa00000| Untracked 
|  89|0x000000070fc00000, 0x000000070fc00000, 0x000000070fe00000|  0%| F|  |TAMS 0x000000070fc00000, 0x000000070fc00000| Untracked 
|  90|0x000000070fe00000, 0x000000070fe00000, 0x0000000710000000|  0%| F|  |TAMS 0x000000070fe00000, 0x000000070fe00000| Untracked 
|  91|0x0000000710000000, 0x0000000710000000, 0x0000000710200000|  0%| F|  |TAMS 0x0000000710000000, 0x0000000710000000| Untracked 
|  92|0x0000000710200000, 0x0000000710200000, 0x0000000710400000|  0%| F|  |TAMS 0x0000000710200000, 0x0000000710200000| Untracked 
|  93|0x0000000710400000, 0x0000000710400000, 0x0000000710600000|  0%| F|  |TAMS 0x0000000710400000, 0x0000000710400000| Untracked 
|  94|0x0000000710600000, 0x0000000710600000, 0x0000000710800000|  0%| F|  |TAMS 0x0000000710600000, 0x0000000710600000| Untracked 
|  95|0x0000000710800000, 0x0000000710800000, 0x0000000710a00000|  0%| F|  |TAMS 0x0000000710800000, 0x0000000710800000| Untracked 
|  96|0x0000000710a00000, 0x0000000710a00000, 0x0000000710c00000|  0%| F|  |TAMS 0x0000000710a00000, 0x0000000710a00000| Untracked 
|  97|0x0000000710c00000, 0x0000000710c00000, 0x0000000710e00000|  0%| F|  |TAMS 0x0000000710c00000, 0x0000000710c00000| Untracked 
|  98|0x0000000710e00000, 0x0000000710e00000, 0x0000000711000000|  0%| F|  |TAMS 0x0000000710e00000, 0x0000000710e00000| Untracked 
|  99|0x0000000711000000, 0x0000000711000000, 0x0000000711200000|  0%| F|  |TAMS 0x0000000711000000, 0x0000000711000000| Untracked 
| 100|0x0000000711200000, 0x0000000711200000, 0x0000000711400000|  0%| F|  |TAMS 0x0000000711200000, 0x0000000711200000| Untracked 
| 101|0x0000000711400000, 0x0000000711400000, 0x0000000711600000|  0%| F|  |TAMS 0x0000000711400000, 0x0000000711400000| Untracked 
| 102|0x0000000711600000, 0x0000000711600000, 0x0000000711800000|  0%| F|  |TAMS 0x0000000711600000, 0x0000000711600000| Untracked 
| 103|0x0000000711800000, 0x0000000711800000, 0x0000000711a00000|  0%| F|  |TAMS 0x0000000711800000, 0x0000000711800000| Untracked 
| 104|0x0000000711a00000, 0x0000000711a00000, 0x0000000711c00000|  0%| F|  |TAMS 0x0000000711a00000, 0x0000000711a00000| Untracked 
| 105|0x0000000711c00000, 0x0000000711c00000, 0x0000000711e00000|  0%| F|  |TAMS 0x0000000711c00000, 0x0000000711c00000| Untracked 
| 106|0x0000000711e00000, 0x0000000711e00000, 0x0000000712000000|  0%| F|  |TAMS 0x0000000711e00000, 0x0000000711e00000| Untracked 
| 107|0x0000000712000000, 0x0000000712000000, 0x0000000712200000|  0%| F|  |TAMS 0x0000000712000000, 0x0000000712000000| Untracked 
| 108|0x0000000712200000, 0x0000000712200000, 0x0000000712400000|  0%| F|  |TAMS 0x0000000712200000, 0x0000000712200000| Untracked 
| 109|0x0000000712400000, 0x0000000712400000, 0x0000000712600000|  0%| F|  |TAMS 0x0000000712400000, 0x0000000712400000| Untracked 
| 110|0x0000000712600000, 0x0000000712600000, 0x0000000712800000|  0%| F|  |TAMS 0x0000000712600000, 0x0000000712600000| Untracked 
| 111|0x0000000712800000, 0x0000000712800000, 0x0000000712a00000|  0%| F|  |TAMS 0x0000000712800000, 0x0000000712800000| Untracked 
| 112|0x0000000712a00000, 0x0000000712a00000, 0x0000000712c00000|  0%| F|  |TAMS 0x0000000712a00000, 0x0000000712a00000| Untracked 
| 113|0x0000000712c00000, 0x0000000712ca0c60, 0x0000000712e00000| 31%| S|CS|TAMS 0x0000000712c00000, 0x0000000712c00000| Complete 
| 114|0x0000000712e00000, 0x0000000713000000, 0x0000000713000000|100%| S|CS|TAMS 0x0000000712e00000, 0x0000000712e00000| Complete 
| 115|0x0000000713000000, 0x0000000713000000, 0x0000000713200000|  0%| F|  |TAMS 0x0000000713000000, 0x0000000713000000| Untracked 
| 116|0x0000000713200000, 0x0000000713200000, 0x0000000713400000|  0%| F|  |TAMS 0x0000000713200000, 0x0000000713200000| Untracked 
| 117|0x0000000713400000, 0x0000000713400000, 0x0000000713600000|  0%| F|  |TAMS 0x0000000713400000, 0x0000000713400000| Untracked 
| 118|0x0000000713600000, 0x0000000713600000, 0x0000000713800000|  0%| F|  |TAMS 0x0000000713600000, 0x0000000713600000| Untracked 
| 119|0x0000000713800000, 0x0000000713800000, 0x0000000713a00000|  0%| F|  |TAMS 0x0000000713800000, 0x0000000713800000| Untracked 
| 120|0x0000000713a00000, 0x0000000713a00000, 0x0000000713c00000|  0%| F|  |TAMS 0x0000000713a00000, 0x0000000713a00000| Untracked 
| 121|0x0000000713c00000, 0x0000000713e00000, 0x0000000713e00000|100%| E|  |TAMS 0x0000000713c00000, 0x0000000713c00000| Complete 
| 122|0x0000000713e00000, 0x0000000714000000, 0x0000000714000000|100%| E|CS|TAMS 0x0000000713e00000, 0x0000000713e00000| Complete 
| 123|0x0000000714000000, 0x0000000714200000, 0x0000000714200000|100%| E|CS|TAMS 0x0000000714000000, 0x0000000714000000| Complete 
| 124|0x0000000714200000, 0x0000000714400000, 0x0000000714400000|100%| E|CS|TAMS 0x0000000714200000, 0x0000000714200000| Complete 
| 125|0x0000000714400000, 0x0000000714600000, 0x0000000714600000|100%| E|CS|TAMS 0x0000000714400000, 0x0000000714400000| Complete 

Card table byte_map: [0x0000020f30130000,0x0000020f30910000] _byte_map_base: 0x0000020f2c90b000

Marking Bits (Prev, Next): (CMBitMap*) 0x0000020f1c2ddca0, (CMBitMap*) 0x0000020f1c2ddce0
 Prev Bits: [0x0000020f310f0000, 0x0000020f34fc8000)
 Next Bits: [0x0000020f34fd0000, 0x0000020f38ea8000)

Polling page: 0x0000020f1a960000

Metaspace:

Usage:
  Non-class:     12.77 MB used.
      Class:      1.40 MB used.
       Both:     14.17 MB used.

Virtual space:
  Non-class space:       16.00 MB reserved,      12.81 MB ( 80%) committed,  2 nodes.
      Class space:        1.00 GB reserved,       1.50 MB ( <1%) committed,  1 nodes.
             Both:        1.02 GB reserved,      14.31 MB (  1%) committed. 

Chunk freelists:
   Non-Class:  2.61 MB
       Class:  2.53 MB
        Both:  5.14 MB

MaxMetaspaceSize: unlimited
CompressedClassSpaceSize: 1.00 GB
Initial GC threshold: 21.00 MB
Current GC threshold: 21.00 MB
CDS: off
MetaspaceReclaimPolicy: balanced
 - commit_granule_bytes: 65536.
 - commit_granule_words: 8192.
 - virtual_space_node_default_size: 1048576.
 - enlarge_chunks_in_place: 1.
 - new_chunks_are_fully_committed: 0.
 - uncommit_free_chunks: 1.
 - use_allocation_guard: 0.
 - handle_deallocations: 1.


Internal statistics:

num_allocs_failed_limit: 0.
num_arena_births: 6.
num_arena_deaths: 0.
num_vsnodes_births: 3.
num_vsnodes_deaths: 0.
num_space_committed: 230.
num_space_uncommitted: 0.
num_chunks_returned_to_freelist: 0.
num_chunks_taken_from_freelist: 241.
num_chunk_merges: 0.
num_chunk_splits: 218.
num_chunks_enlarged: 212.
num_purges: 0.
num_inconsistent_stats: 0.

CodeHeap 'non-profiled nmethods': size=119168Kb used=239Kb max_used=239Kb free=118928Kb
 bounds [0x0000020f27320000, 0x0000020f27590000, 0x0000020f2e780000]
CodeHeap 'profiled nmethods': size=119104Kb used=1847Kb max_used=1847Kb free=117256Kb
 bounds [0x0000020f1f780000, 0x0000020f1f9f0000, 0x0000020f26bd0000]
CodeHeap 'non-nmethods': size=7488Kb used=2842Kb max_used=2874Kb free=4645Kb
 bounds [0x0000020f26bd0000, 0x0000020f26eb0000, 0x0000020f27320000]
 total_blobs=1397 nmethods=955 adapters=352
 compilation: enabled
              stopped_count=0, restarted_count=0
 full_count=0

Compilation events (20 events):
Event: 0.399 Thread 0x0000020f3cccaa30 nmethod 865 0x0000020f1f91ae10 code [0x0000020f1f91b020, 0x0000020f1f91b6d8]
Event: 0.399 Thread 0x0000020f3cccaa30  873       3       kotlin.reflect.jvm.internal.impl.metadata.ProtoBuf$Contract::getDefaultInstance (4 bytes)
Event: 0.399 Thread 0x0000020f3cccaa30 nmethod 873 0x0000020f1f91b990 code [0x0000020f1f91bb20, 0x0000020f1f91bc18]
Event: 0.399 Thread 0x0000020f3d240370 nmethod 869 0x0000020f1f91bc90 code [0x0000020f1f91be80, 0x0000020f1f91c3b8]
Event: 0.399 Thread 0x0000020f3cccaa30  874       3       kotlin.reflect.jvm.internal.impl.metadata.ProtoBuf$Function$1::parsePartialFrom (7 bytes)
Event: 0.399 Thread 0x0000020f3ce76b70 nmethod 870 0x0000020f1f91c590 code [0x0000020f1f91c760, 0x0000020f1f91cc38]
Event: 0.399 Thread 0x0000020f3d240370  875       3       kotlin.reflect.jvm.internal.impl.metadata.ProtoBuf$Function::getDefaultInstanceForType (5 bytes)
Event: 0.399 Thread 0x0000020f3ce76b70  876       1       kotlin.reflect.jvm.internal.impl.metadata.ProtoBuf$Annotation$Argument::getValue (5 bytes)
Event: 0.399 Thread 0x0000020f3ce42610 nmethod 872 0x0000020f1f91ce10 code [0x0000020f1f91d020, 0x0000020f1f91d718]
Event: 0.399 Thread 0x0000020f3ce76b70 nmethod 876 0x0000020f27352f10 code [0x0000020f273530a0, 0x0000020f27353178]
Event: 0.399 Thread 0x0000020f3cccaa30 nmethod 874 0x0000020f1f91d890 code [0x0000020f1f91da20, 0x0000020f1f91db68]
Event: 0.399 Thread 0x0000020f3d240370 nmethod 875 0x0000020f1f91dc10 code [0x0000020f1f91dda0, 0x0000020f1f91df18]
Event: 0.399 Thread 0x0000020f3d240370  878       3       kotlin.reflect.jvm.internal.impl.protobuf.FieldSet::addRepeatedField (78 bytes)
Event: 0.399 Thread 0x0000020f3ce76b70  879       3       kotlin.reflect.jvm.internal.impl.metadata.ProtoBuf$Annotation::isInitialized (73 bytes)
Event: 0.399 Thread 0x0000020f3cccaa30  880   !   3       kotlin.reflect.jvm.internal.impl.metadata.ProtoBuf$Function::<init> (1112 bytes)
Event: 0.399 Thread 0x0000020f3ce42610  881   !   3       kotlin.reflect.jvm.internal.impl.metadata.ProtoBuf$Annotation::<init> (344 bytes)
Event: 0.400 Thread 0x0000020f3ce76b70 nmethod 879 0x0000020f1f91e010 code [0x0000020f1f91e220, 0x0000020f1f91ea08]
Event: 0.400 Thread 0x0000020f3ce76b70  882       3       kotlin.reflect.jvm.internal.impl.metadata.ProtoBuf$Annotation$Builder::mergeFrom (7 bytes)
Event: 0.400 Thread 0x0000020f3d240370 nmethod 878 0x0000020f1f91ec10 code [0x0000020f1f91ee80, 0x0000020f1f91fb18]
Event: 0.400 Thread 0x0000020f3d240370  883   !   3       kotlin.reflect.jvm.internal.impl.metadata.ProtoBuf$Annotation$Builder::mergeFrom (60 bytes)

GC Heap History (2 events):
Event: 0.328 GC heap before
{Heap before GC invocations=0 (full 0):
 garbage-first heap   total 258048K, used 24576K [0x0000000704a00000, 0x0000000800000000)
  region size 2048K, 11 young (22528K), 0 survivors (0K)
 Metaspace       used 12308K, committed 12416K, reserved 1064960K
  class space    used 1156K, committed 1216K, reserved 1048576K
}
Event: 0.330 GC heap after
{Heap after GC invocations=1 (full 0):
 garbage-first heap   total 258048K, used 6787K [0x0000000704a00000, 0x0000000800000000)
  region size 2048K, 2 young (4096K), 2 survivors (4096K)
 Metaspace       used 12308K, committed 12416K, reserved 1064960K
  class space    used 1156K, committed 1216K, reserved 1048576K
}

Dll operation events (1 events):
Event: 0.010 Loaded shared library C:\Program Files\Android\Android Studio1\jbr\bin\java.dll

Deoptimization events (20 events):
Event: 0.293 Thread 0x0000020f1c26f280 DEOPT PACKING pc=0x0000020f1f814a0b sp=0x0000008a2c7f78e0
Event: 0.293 Thread 0x0000020f1c26f280 DEOPT UNPACKING pc=0x0000020f26c27143 sp=0x0000008a2c7f6d40 mode 0
Event: 0.312 Thread 0x0000020f1c26f280 DEOPT PACKING pc=0x0000020f1f7b3656 sp=0x0000008a2c7fc520
Event: 0.312 Thread 0x0000020f1c26f280 DEOPT UNPACKING pc=0x0000020f26c27143 sp=0x0000008a2c7fb9a8 mode 0
Event: 0.321 Thread 0x0000020f1c26f280 DEOPT PACKING pc=0x0000020f1f7dbd48 sp=0x0000008a2c7fce10
Event: 0.321 Thread 0x0000020f1c26f280 DEOPT UNPACKING pc=0x0000020f26c27143 sp=0x0000008a2c7fc328 mode 0
Event: 0.321 Thread 0x0000020f1c26f280 DEOPT PACKING pc=0x0000020f1f7d6c65 sp=0x0000008a2c7fc7b0
Event: 0.321 Thread 0x0000020f1c26f280 DEOPT UNPACKING pc=0x0000020f26c27143 sp=0x0000008a2c7fbc00 mode 0
Event: 0.391 Thread 0x0000020f1c26f280 Uncommon trap: trap_request=0xffffffc6 fr.pc=0x0000020f27351a38 relative=0x0000000000000538
Event: 0.391 Thread 0x0000020f1c26f280 Uncommon trap: reason=bimorphic_or_optimized_type_check action=maybe_recompile pc=0x0000020f27351a38 method=kotlin.reflect.jvm.internal.impl.protobuf.CodedInputStream.tryRefillBuffer(I)Z @ 175 c2
Event: 0.391 Thread 0x0000020f1c26f280 DEOPT PACKING pc=0x0000020f27351a38 sp=0x0000008a2c7fbe90
Event: 0.391 Thread 0x0000020f1c26f280 DEOPT UNPACKING pc=0x0000020f26c269a3 sp=0x0000008a2c7fbd78 mode 2
Event: 0.394 Thread 0x0000020f1c26f280 Uncommon trap: trap_request=0xffffff45 fr.pc=0x0000020f2734f530 relative=0x0000000000000210
Event: 0.394 Thread 0x0000020f1c26f280 Uncommon trap: reason=unstable_if action=reinterpret pc=0x0000020f2734f530 method=kotlin.reflect.jvm.internal.impl.protobuf.CodedInputStream.readRawVarint32()I @ 10 c2
Event: 0.394 Thread 0x0000020f1c26f280 DEOPT PACKING pc=0x0000020f2734f530 sp=0x0000008a2c7fb880
Event: 0.394 Thread 0x0000020f1c26f280 DEOPT UNPACKING pc=0x0000020f26c269a3 sp=0x0000008a2c7fb800 mode 2
Event: 0.396 Thread 0x0000020f1c26f280 Uncommon trap: trap_request=0xffffffc6 fr.pc=0x0000020f27351a38 relative=0x0000000000000538
Event: 0.396 Thread 0x0000020f1c26f280 Uncommon trap: reason=bimorphic_or_optimized_type_check action=maybe_recompile pc=0x0000020f27351a38 method=kotlin.reflect.jvm.internal.impl.protobuf.CodedInputStream.tryRefillBuffer(I)Z @ 175 c2
Event: 0.396 Thread 0x0000020f1c26f280 DEOPT PACKING pc=0x0000020f27351a38 sp=0x0000008a2c7fb8e0
Event: 0.396 Thread 0x0000020f1c26f280 DEOPT UNPACKING pc=0x0000020f26c269a3 sp=0x0000008a2c7fb7c8 mode 2

Classes unloaded (0 events):
No events

Classes redefined (0 events):
No events

Internal exceptions (0 events):
No events

VM Operations (8 events):
Event: 0.110 Executing VM operation: HandshakeAllThreads
Event: 0.110 Executing VM operation: HandshakeAllThreads done
Event: 0.187 Executing VM operation: HandshakeAllThreads
Event: 0.187 Executing VM operation: HandshakeAllThreads done
Event: 0.263 Executing VM operation: HandshakeAllThreads
Event: 0.263 Executing VM operation: HandshakeAllThreads done
Event: 0.328 Executing VM operation: G1CollectForAllocation
Event: 0.330 Executing VM operation: G1CollectForAllocation done

Events (20 events):
Event: 0.369 loading class jdk/internal/reflect/UnsafeQualifiedStaticFieldAccessorImpl done
Event: 0.369 loading class jdk/internal/reflect/UnsafeQualifiedStaticObjectFieldAccessorImpl done
Event: 0.382 loading class sun/reflect/generics/repository/ClassRepository
Event: 0.382 loading class sun/reflect/generics/repository/GenericDeclRepository
Event: 0.382 loading class sun/reflect/generics/repository/AbstractRepository
Event: 0.382 loading class sun/reflect/generics/repository/AbstractRepository done
Event: 0.382 loading class sun/reflect/generics/repository/GenericDeclRepository done
Event: 0.382 loading class sun/reflect/generics/repository/ClassRepository done
Event: 0.382 loading class sun/reflect/generics/tree/FormalTypeParameter
Event: 0.382 loading class sun/reflect/generics/tree/FormalTypeParameter done
Event: 0.382 loading class sun/reflect/generics/tree/ClassSignature
Event: 0.382 loading class sun/reflect/generics/tree/Signature
Event: 0.382 loading class sun/reflect/generics/tree/Signature done
Event: 0.382 loading class sun/reflect/generics/tree/ClassSignature done
Event: 0.382 loading class java/lang/reflect/TypeVariable
Event: 0.382 loading class java/lang/reflect/TypeVariable done
Event: 0.383 loading class java/lang/reflect/AnnotatedType
Event: 0.383 loading class java/lang/reflect/AnnotatedType done
Event: 0.388 loading class java/io/DataInputStream
Event: 0.388 loading class java/io/DataInputStream done


Dynamic libraries:
0x00007ff77e8e0000 - 0x00007ff77e8ea000 	C:\Program Files\Android\Android Studio1\jbr\bin\java.exe
0x00007ffaa2610000 - 0x00007ffaa2827000 	C:\WINDOWS\SYSTEM32\ntdll.dll
0x00007ffaa1890000 - 0x00007ffaa1954000 	C:\WINDOWS\System32\KERNEL32.DLL
0x00007ffa9fd50000 - 0x00007ffaa00f5000 	C:\WINDOWS\System32\KERNELBASE.dll
0x00007ffa9fc30000 - 0x00007ffa9fd41000 	C:\WINDOWS\System32\ucrtbase.dll
0x00007ffa61e80000 - 0x00007ffa61e97000 	C:\Program Files\Android\Android Studio1\jbr\bin\jli.dll
0x00007ffa8c5d0000 - 0x00007ffa8c5eb000 	C:\Program Files\Android\Android Studio1\jbr\bin\VCRUNTIME140.dll
0x00007ffaa1580000 - 0x00007ffaa172e000 	C:\WINDOWS\System32\USER32.dll
0x00007ffa9fa20000 - 0x00007ffa9fa46000 	C:\WINDOWS\System32\win32u.dll
0x00007ffa7c8f0000 - 0x00007ffa7cb83000 	C:\WINDOWS\WinSxS\amd64_microsoft.windows.common-controls_6595b64144ccf1df_6.0.22621.2506_none_270c5ae97388e100\COMCTL32.dll
0x00007ffaa1a10000 - 0x00007ffaa1a39000 	C:\WINDOWS\System32\GDI32.dll
0x00007ffaa1310000 - 0x00007ffaa13b7000 	C:\WINDOWS\System32\msvcrt.dll
0x00007ffa9fb10000 - 0x00007ffa9fc29000 	C:\WINDOWS\System32\gdi32full.dll
0x00007ffa9f980000 - 0x00007ffa9fa1a000 	C:\WINDOWS\System32\msvcp_win.dll
0x00007ffaa1ac0000 - 0x00007ffaa1af1000 	C:\WINDOWS\System32\IMM32.DLL
0x0000020f1c210000 - 0x0000020f1c224000 	C:\WINDOWS\System32\umppc17605.dll
0x00007ffa9ad90000 - 0x00007ffa9ad9c000 	C:\Program Files\Android\Android Studio1\jbr\bin\vcruntime140_1.dll
0x00007ffa78790000 - 0x00007ffa7881d000 	C:\Program Files\Android\Android Studio1\jbr\bin\msvcp140.dll
0x00007ff9dad70000 - 0x00007ff9db9de000 	C:\Program Files\Android\Android Studio1\jbr\bin\server\jvm.dll
0x00007ffaa0f70000 - 0x00007ffaa1021000 	C:\WINDOWS\System32\ADVAPI32.dll
0x00007ffaa1df0000 - 0x00007ffaa1e96000 	C:\WINDOWS\System32\sechost.dll
0x00007ffaa1030000 - 0x00007ffaa1147000 	C:\WINDOWS\System32\RPCRT4.dll
0x00007ffa6a320000 - 0x00007ffa6a329000 	C:\WINDOWS\SYSTEM32\WSOCK32.dll
0x00007ffaa1a40000 - 0x00007ffaa1ab1000 	C:\WINDOWS\System32\WS2_32.dll
0x00007ffa84d20000 - 0x00007ffa84d54000 	C:\WINDOWS\SYSTEM32\WINMM.dll
0x00007ffa987c0000 - 0x00007ffa987ca000 	C:\WINDOWS\SYSTEM32\VERSION.dll
0x00007ffa9e980000 - 0x00007ffa9e998000 	C:\WINDOWS\SYSTEM32\kernel.appcore.dll
0x00007ffa7a340000 - 0x00007ffa7a34a000 	C:\Program Files\Android\Android Studio1\jbr\bin\jimage.dll
0x00007ffa914c0000 - 0x00007ffa916f3000 	C:\WINDOWS\SYSTEM32\DBGHELP.DLL
0x00007ffaa0360000 - 0x00007ffaa06e9000 	C:\WINDOWS\System32\combase.dll
0x00007ffaa1cb0000 - 0x00007ffaa1d87000 	C:\WINDOWS\System32\OLEAUT32.dll
0x00007ffa81db0000 - 0x00007ffa81de2000 	C:\WINDOWS\SYSTEM32\dbgcore.DLL
0x00007ffaa02e0000 - 0x00007ffaa035a000 	C:\WINDOWS\System32\bcryptPrimitives.dll
0x00007ffa69cd0000 - 0x00007ffa69cf5000 	C:\Program Files\Android\Android Studio1\jbr\bin\java.dll
0x00007ffa68740000 - 0x00007ffa68758000 	C:\Program Files\Android\Android Studio1\jbr\bin\zip.dll
0x00007ffaa06f0000 - 0x00007ffaa0f49000 	C:\WINDOWS\System32\SHELL32.dll
0x00007ffa9d7c0000 - 0x00007ffa9e0b4000 	C:\WINDOWS\SYSTEM32\windows.storage.dll
0x00007ffa9d580000 - 0x00007ffa9d6be000 	C:\WINDOWS\SYSTEM32\wintypes.dll
0x00007ffaa1440000 - 0x00007ffaa1533000 	C:\WINDOWS\System32\SHCORE.dll
0x00007ffaa1d90000 - 0x00007ffaa1dee000 	C:\WINDOWS\System32\shlwapi.dll
0x00007ffa9f8b0000 - 0x00007ffa9f8d6000 	C:\WINDOWS\SYSTEM32\profapi.dll
0x00007ffa68700000 - 0x00007ffa68719000 	C:\Program Files\Android\Android Studio1\jbr\bin\net.dll
0x00007ffa99930000 - 0x00007ffa99a67000 	C:\WINDOWS\SYSTEM32\WINHTTP.dll
0x00007ffa9ee00000 - 0x00007ffa9ee69000 	C:\WINDOWS\system32\mswsock.dll
0x00007ffa686e0000 - 0x00007ffa686f6000 	C:\Program Files\Android\Android Studio1\jbr\bin\nio.dll

dbghelp: loaded successfully - version: 4.0.5 - missing functions: none
symbol engine: initialized successfully - sym options: 0x614 - pdb path: .;C:\Program Files\Android\Android Studio1\jbr\bin;C:\WINDOWS\SYSTEM32;C:\WINDOWS\WinSxS\amd64_microsoft.windows.common-controls_6595b64144ccf1df_6.0.22621.2506_none_270c5ae97388e100;C:\Program Files\Android\Android Studio1\jbr\bin\server

VM Arguments:
java_command: org.jetbrains.kotlin.cli.jvm.K2JVMCompiler @C:\Users\arshadsharif\AndroidStudioProjects\MyApplication7\app\build\20231201_6104667846986878542.compiler.options
java_class_path (initial): C:\Users\arshadsharif\.gradle\caches\modules-2\files-2.1\org.jetbrains.kotlin\kotlin-compiler-embeddable\1.8.10\b0757fd774344d54ce93f5ad6c30ba1c1731c8ff\kotlin-compiler-embeddable-1.8.10.jar;C:\Users\arshadsharif\.gradle\caches\modules-2\files-2.1\org.jetbrains.kotlin\kotlin-stdlib\1.8.10\6d5560a229477df9406943d5feda5618e98eb64c\kotlin-stdlib-1.8.10.jar;C:\Users\arshadsharif\.gradle\caches\modules-2\files-2.1\org.jetbrains.kotlin\kotlin-script-runtime\1.8.10\b13ea9c7e46d589139e56086a878763290e20bd5\kotlin-script-runtime-1.8.10.jar;C:\Users\arshadsharif\.gradle\caches\modules-2\files-2.1\org.jetbrains.kotlin\kotlin-reflect\1.6.10\1cbe9c92c12a94eea200d23c2bbaedaf3daf5132\kotlin-reflect-1.6.10.jar;C:\Users\arshadsharif\.gradle\caches\modules-2\files-2.1\org.jetbrains.kotlin\kotlin-daemon-embeddable\1.8.10\ad8541d9bc1cf9e52c3204161247910c2cf601d4\kotlin-daemon-embeddable-1.8.10.jar;C:\Users\arshadsharif\.gradle\caches\modules-2\files-2.1\org.jetbrains.intellij.deps\trove4j\1.0.20200330\3afb14d5f9ceb459d724e907a21145e8ff394f02\trove4j-1.0.20200330.jar;C:\Users\arshadsharif\.gradle\caches\modules-2\files-2.1\net.java.dev.jna\jna\5.6.0\330f2244e9030119ab3030fc3fededc86713d9cc\jna-5.6.0.jar;C:\Users\arshadsharif\.gradle\caches\modules-2\files-2.1\org.jetbrains.kotlin\kotlin-stdlib-common\1.8.10\a61b182458550492c12aee66157d7b524a63a5ec\kotlin-stdlib-common-1.8.10.jar;C:\Users\arshadsharif\.gradle\caches\modules-2\files-2.1\org.jetbrains\annotations\13.0\919f0dfe192fb4e063e7dacadee7f8bb9a2672a9\annotations-13.0.jar
Launcher Type: SUN_STANDARD

[Global flags]
     intx CICompilerCount                          = 12                                        {product} {ergonomic}
     uint ConcGCThreads                            = 4                                         {product} {ergonomic}
     uint G1ConcRefinementThreads                  = 15                                        {product} {ergonomic}
   size_t G1HeapRegionSize                         = 2097152                                   {product} {ergonomic}
    uintx GCDrainStackTargetSize                   = 64                                        {product} {ergonomic}
   size_t InitialHeapSize                          = 264241152                                 {product} {ergonomic}
   size_t MarkStackSize                            = 4194304                                   {product} {ergonomic}
   size_t MaxHeapSize                              = 4217372672                                {product} {ergonomic}
   size_t MaxNewSize                               = 2529165312                                {product} {ergonomic}
   size_t MinHeapDeltaBytes                        = 2097152                                   {product} {ergonomic}
   size_t MinHeapSize                              = 8388608                                   {product} {ergonomic}
    uintx NonNMethodCodeHeapSize                   = 7602480                                {pd product} {ergonomic}
    uintx NonProfiledCodeHeapSize                  = 122027880                              {pd product} {ergonomic}
    uintx ProfiledCodeHeapSize                     = 122027880                              {pd product} {ergonomic}
    uintx ReservedCodeCacheSize                    = 251658240                              {pd product} {ergonomic}
     bool SegmentedCodeCache                       = true                                      {product} {ergonomic}
   size_t SoftMaxHeapSize                          = 4217372672                             {manageable} {ergonomic}
     bool UseCompressedClassPointers               = true                           {product lp64_product} {ergonomic}
     bool UseCompressedOops                        = true                           {product lp64_product} {ergonomic}
     bool UseG1GC                                  = true                                      {product} {ergonomic}
     bool UseLargePagesIndividualAllocation        = false                                  {pd product} {ergonomic}

Logging:
Log output configuration:
 #0: stdout all=warning uptime,level,tags
 #1: stderr all=off uptime,level,tags

Environment Variables:
JAVA_HOME=C:\Program Files\java\jdk-11.0.14
PATH=C:\Program Files\Common Files\Oracle\Java\javapath;C:\WINDOWS\system32;C:\WINDOWS;C:\WINDOWS\System32\Wbem;C:\WINDOWS\System32\WindowsPowerShell\v1.0\;C:\WINDOWS\System32\OpenSSH\;C:\Program Files\dotnet\;C:\Program Files\Microsoft SQL Server\130\Tools\Binn\;C:\Program Files\Microsoft SQL Server\Client SDK\ODBC\170\Tools\Binn\;C:\Program Files (x86)\Microsoft SQL Server\Client SDK\ODBC\130\Tools\Binn\;C:\Program Files (x86)\Microsoft SQL Server\140\Tools\Binn\;C:\Program Files (x86)\Microsoft SQL Server\140\DTS\Binn\;C:\Program Files (x86)\Microsoft SQL Server\140\Tools\Binn\ManagementStudio\;C:\Program Files\Microsoft VS Code\bin;C:\Sdk;C:\Program Files (x86)\nodejs\;C:\Program Files\Java\jdk-11.0.14;C:\Program Files\Git\cmd;C:\Users\arshadsharif\AppData\Local\Microsoft\WindowsApps;C:\Users\arshadsharif\AppData\Local\Programs\Git\cmd;
USERNAME=ARSHADSHARIF
OS=Windows_NT
PROCESSOR_IDENTIFIER=Intel64 Family 6 Model 165 Stepping 5, GenuineIntel
TMP=C:\Users\ARSHAD~1\AppData\Local\Temp
TEMP=C:\Users\ARSHAD~1\AppData\Local\Temp


JNI global refs:
JNI global refs: 18, weak refs: 0

JNI global refs memory usage: 843, weak refs: 841


---------------  S Y S T E M  ---------------

OS:
 Windows 11 , 64 bit Build 22621 (10.0.22621.2506)
OS uptime: 1 days 1:48 hours

CPU: total 20 (initial active 20) (10 cores per cpu, 2 threads per core) family 6 model 165 stepping 5 microcode 0xf0, cx8, cmov, fxsr, ht, mmx, 3dnowpref, sse, sse2, sse3, ssse3, sse4.1, sse4.2, popcnt, lzcnt, tsc, tscinvbit, avx, avx2, aes, erms, clmul, bmi1, bmi2, adx, fma, vzeroupper, clflush, clflushopt

Memory: 4k page, system-wide physical 16081M (3287M free)
TotalPageFile size 16081M (AvailPageFile size 17M)
current process WorkingSet (physical memory assigned to process): 84M, peak: 86M
current process commit charge ("private bytes"): 372M, peak: 373M

vm_info: OpenJDK 64-Bit Server VM (17.0.6+0-b2043.56-10027231) for windows-amd64 JRE (17.0.6+0-b2043.56-10027231), built on Apr 28 2023 00:43:19 by "androidbuild" with MS VC++ 16.10 / 16.11 (VS2019)

END.
